{"/workspace/src/index.ts": {"path":"/workspace/src/index.ts","statementMap":{"0":{"start":{"line":25,"column":18},"end":{"line":25,"column":null}},"1":{"start":{"line":26,"column":14},"end":{"line":26,"column":null}},"2":{"start":{"line":27,"column":0},"end":{"line":33,"column":null}},"3":{"start":{"line":28,"column":18},"end":{"line":28,"column":null}},"4":{"start":{"line":29,"column":14},"end":{"line":29,"column":null}},"5":{"start":{"line":30,"column":2},"end":{"line":30,"column":null}},"6":{"start":{"line":36,"column":16},"end":{"line":36,"column":null}},"7":{"start":{"line":38,"column":0},"end":{"line":42,"column":null}},"8":{"start":{"line":45,"column":0},"end":{"line":49,"column":null}},"9":{"start":{"line":52,"column":0},"end":{"line":52,"column":null}},"10":{"start":{"line":53,"column":0},"end":{"line":53,"column":null}},"11":{"start":{"line":54,"column":0},"end":{"line":54,"column":null}},"12":{"start":{"line":55,"column":0},"end":{"line":55,"column":null}},"13":{"start":{"line":56,"column":0},"end":{"line":56,"column":null}},"14":{"start":{"line":57,"column":0},"end":{"line":57,"column":null}},"15":{"start":{"line":58,"column":0},"end":{"line":58,"column":null}},"16":{"start":{"line":59,"column":0},"end":{"line":59,"column":null}},"17":{"start":{"line":62,"column":0},"end":{"line":84,"column":null}},"18":{"start":{"line":87,"column":0},"end":{"line":87,"column":null}},"19":{"start":{"line":90,"column":0},"end":{"line":92,"column":null}},"20":{"start":{"line":91,"column":2},"end":{"line":91,"column":null}}},"fnMap":{},"branchMap":{"0":{"loc":{"start":{"line":90,"column":0},"end":{"line":92,"column":null}},"type":"if","locations":[{"start":{"line":90,"column":0},"end":{"line":92,"column":null}},{"start":{},"end":{}}],"line":90}},"s":{"0":0,"1":0,"2":0,"3":0,"4":0,"5":0,"6":0,"7":0,"8":0,"9":0,"10":0,"11":0,"12":0,"13":0,"14":0,"15":0,"16":0,"17":0,"18":0,"19":0,"20":0},"f":{},"b":{"0":[0,0]},"meta":{"lastBranch":1,"lastFunction":0,"lastStatement":21,"seen":{"s:25:18:25:Infinity":0,"s:26:14:26:Infinity":1,"s:27:0:33:Infinity":2,"s:28:18:28:Infinity":3,"s:29:14:29:Infinity":4,"s:30:2:30:Infinity":5,"s:36:16:36:Infinity":6,"s:38:0:42:Infinity":7,"s:45:0:49:Infinity":8,"s:52:0:52:Infinity":9,"s:53:0:53:Infinity":10,"s:54:0:54:Infinity":11,"s:55:0:55:Infinity":12,"s:56:0:56:Infinity":13,"s:57:0:57:Infinity":14,"s:58:0:58:Infinity":15,"s:59:0:59:Infinity":16,"s:62:0:84:Infinity":17,"s:87:0:87:Infinity":18,"b:90:0:92:Infinity:undefined:undefined:undefined:undefined":0,"s:90:0:92:Infinity":19,"s:91:2:91:Infinity":20},"fnNames":{}}}
,"/workspace/src/commands/auth.ts": {"path":"/workspace/src/commands/auth.ts","statementMap":{"0":{"start":{"line":9,"column":13},"end":{"line":9,"column":null}},"1":{"start":{"line":11,"column":0},"end":{"line":34,"column":null}},"2":{"start":{"line":16,"column":4},"end":{"line":33,"column":null}},"3":{"start":{"line":17,"column":24},"end":{"line":17,"column":null}},"4":{"start":{"line":19,"column":6},"end":{"line":29,"column":null}},"5":{"start":{"line":20,"column":8},"end":{"line":20,"column":null}},"6":{"start":{"line":22,"column":8},"end":{"line":22,"column":null}},"7":{"start":{"line":23,"column":8},"end":{"line":27,"column":null}},"8":{"start":{"line":24,"column":10},"end":{"line":24,"column":null}},"9":{"start":{"line":26,"column":10},"end":{"line":26,"column":null}},"10":{"start":{"line":26,"column":33},"end":{"line":26,"column":56}},"11":{"start":{"line":28,"column":8},"end":{"line":28,"column":null}},"12":{"start":{"line":31,"column":6},"end":{"line":31,"column":null}},"13":{"start":{"line":32,"column":6},"end":{"line":32,"column":null}},"14":{"start":{"line":36,"column":0},"end":{"line":40,"column":null}},"15":{"start":{"line":39,"column":4},"end":{"line":39,"column":null}},"16":{"start":{"line":42,"column":0},"end":{"line":46,"column":null}},"17":{"start":{"line":45,"column":4},"end":{"line":45,"column":null}}},"fnMap":{"0":{"name":"(anonymous_0)","decl":{"start":{"line":15,"column":10},"end":{"line":15,"column":17}},"loc":{"start":{"line":15,"column":29},"end":{"line":34,"column":3}},"line":15},"1":{"name":"(anonymous_1)","decl":{"start":{"line":26,"column":20},"end":{"line":26,"column":28}},"loc":{"start":{"line":26,"column":33},"end":{"line":26,"column":56}},"line":26},"2":{"name":"(anonymous_2)","decl":{"start":{"line":38,"column":3},"end":{"line":38,"column":11}},"loc":{"start":{"line":38,"column":26},"end":{"line":40,"column":3}},"line":38},"3":{"name":"(anonymous_3)","decl":{"start":{"line":44,"column":3},"end":{"line":44,"column":11}},"loc":{"start":{"line":44,"column":26},"end":{"line":46,"column":3}},"line":44}},"branchMap":{"0":{"loc":{"start":{"line":19,"column":6},"end":{"line":29,"column":null}},"type":"if","locations":[{"start":{"line":19,"column":6},"end":{"line":29,"column":null}},{"start":{"line":21,"column":13},"end":{"line":29,"column":null}}],"line":19},"1":{"loc":{"start":{"line":23,"column":8},"end":{"line":27,"column":null}},"type":"if","locations":[{"start":{"line":23,"column":8},"end":{"line":27,"column":null}},{"start":{"line":25,"column":15},"end":{"line":27,"column":null}}],"line":23}},"s":{"0":0,"1":0,"2":0,"3":0,"4":0,"5":0,"6":0,"7":0,"8":0,"9":0,"10":0,"11":0,"12":0,"13":0,"14":0,"15":0,"16":0,"17":0},"f":{"0":0,"1":0,"2":0,"3":0},"b":{"0":[0,0],"1":[0,0]},"meta":{"lastBranch":2,"lastFunction":4,"lastStatement":18,"seen":{"s:9:13:9:Infinity":0,"s:11:0:34:Infinity":1,"f:15:10:15:17":0,"s:16:4:33:Infinity":2,"s:17:24:17:Infinity":3,"b:19:6:29:Infinity:21:13:29:Infinity":0,"s:19:6:29:Infinity":4,"s:20:8:20:Infinity":5,"s:22:8:22:Infinity":6,"b:23:8:27:Infinity:25:15:27:Infinity":1,"s:23:8:27:Infinity":7,"s:24:10:24:Infinity":8,"s:26:10:26:Infinity":9,"f:26:20:26:28":1,"s:26:33:26:56":10,"s:28:8:28:Infinity":11,"s:31:6:31:Infinity":12,"s:32:6:32:Infinity":13,"s:36:0:40:Infinity":14,"f:38:3:38:11":2,"s:39:4:39:Infinity":15,"s:42:0:46:Infinity":16,"f:44:3:44:11":3,"s:45:4:45:Infinity":17},"fnNames":{}}}
,"/workspace/src/commands/config.ts": {"path":"/workspace/src/commands/config.ts","statementMap":{"0":{"start":{"line":10,"column":18},"end":{"line":10,"column":null}},"1":{"start":{"line":12,"column":0},"end":{"line":29,"column":null}},"2":{"start":{"line":18,"column":4},"end":{"line":28,"column":null}},"3":{"start":{"line":19,"column":25},"end":{"line":19,"column":null}},"4":{"start":{"line":20,"column":6},"end":{"line":23,"column":null}},"5":{"start":{"line":24,"column":6},"end":{"line":24,"column":null}},"6":{"start":{"line":26,"column":6},"end":{"line":26,"column":null}},"7":{"start":{"line":27,"column":6},"end":{"line":27,"column":null}},"8":{"start":{"line":31,"column":0},"end":{"line":54,"column":null}},"9":{"start":{"line":35,"column":4},"end":{"line":53,"column":null}},"10":{"start":{"line":36,"column":21},"end":{"line":36,"column":32}},"11":{"start":{"line":37,"column":21},"end":{"line":37,"column":null}},"12":{"start":{"line":39,"column":6},"end":{"line":49,"column":null}},"13":{"start":{"line":40,"column":8},"end":{"line":40,"column":null}},"14":{"start":{"line":42,"column":8},"end":{"line":48,"column":null}},"15":{"start":{"line":43,"column":10},"end":{"line":43,"column":null}},"16":{"start":{"line":45,"column":10},"end":{"line":45,"column":null}},"17":{"start":{"line":46,"column":10},"end":{"line":46,"column":null}},"18":{"start":{"line":46,"column":37},"end":{"line":46,"column":60}},"19":{"start":{"line":47,"column":10},"end":{"line":47,"column":null}},"20":{"start":{"line":51,"column":6},"end":{"line":51,"column":null}},"21":{"start":{"line":52,"column":6},"end":{"line":52,"column":null}},"22":{"start":{"line":56,"column":0},"end":{"line":75,"column":null}},"23":{"start":{"line":60,"column":4},"end":{"line":74,"column":null}},"24":{"start":{"line":61,"column":21},"end":{"line":61,"column":32}},"25":{"start":{"line":62,"column":25},"end":{"line":62,"column":null}},"26":{"start":{"line":64,"column":6},"end":{"line":70,"column":null}},"27":{"start":{"line":65,"column":8},"end":{"line":65,"column":null}},"28":{"start":{"line":67,"column":8},"end":{"line":67,"column":null}},"29":{"start":{"line":68,"column":8},"end":{"line":68,"column":null}},"30":{"start":{"line":69,"column":8},"end":{"line":69,"column":null}},"31":{"start":{"line":72,"column":6},"end":{"line":72,"column":null}},"32":{"start":{"line":73,"column":6},"end":{"line":73,"column":null}}},"fnMap":{"0":{"name":"(anonymous_0)","decl":{"start":{"line":17,"column":3},"end":{"line":17,"column":11}},"loc":{"start":{"line":17,"column":23},"end":{"line":29,"column":3}},"line":17},"1":{"name":"(anonymous_1)","decl":{"start":{"line":34,"column":3},"end":{"line":34,"column":11}},"loc":{"start":{"line":34,"column":23},"end":{"line":54,"column":3}},"line":34},"2":{"name":"(anonymous_2)","decl":{"start":{"line":46,"column":24},"end":{"line":46,"column":32}},"loc":{"start":{"line":46,"column":37},"end":{"line":46,"column":60}},"line":46},"3":{"name":"(anonymous_3)","decl":{"start":{"line":59,"column":3},"end":{"line":59,"column":11}},"loc":{"start":{"line":59,"column":23},"end":{"line":75,"column":3}},"line":59}},"branchMap":{"0":{"loc":{"start":{"line":19,"column":25},"end":{"line":19,"column":null}},"type":"cond-expr","locations":[{"start":{"line":19,"column":43},"end":{"line":19,"column":78}},{"start":{"line":19,"column":78},"end":{"line":19,"column":null}}],"line":19},"1":{"loc":{"start":{"line":39,"column":6},"end":{"line":49,"column":null}},"type":"if","locations":[{"start":{"line":39,"column":6},"end":{"line":49,"column":null}},{"start":{"line":41,"column":13},"end":{"line":49,"column":null}}],"line":39},"2":{"loc":{"start":{"line":42,"column":8},"end":{"line":48,"column":null}},"type":"if","locations":[{"start":{"line":42,"column":8},"end":{"line":48,"column":null}},{"start":{"line":44,"column":15},"end":{"line":48,"column":null}}],"line":42},"3":{"loc":{"start":{"line":64,"column":6},"end":{"line":70,"column":null}},"type":"if","locations":[{"start":{"line":64,"column":6},"end":{"line":70,"column":null}},{"start":{"line":66,"column":13},"end":{"line":70,"column":null}}],"line":64}},"s":{"0":0,"1":0,"2":0,"3":0,"4":0,"5":0,"6":0,"7":0,"8":0,"9":0,"10":0,"11":0,"12":0,"13":0,"14":0,"15":0,"16":0,"17":0,"18":0,"19":0,"20":0,"21":0,"22":0,"23":0,"24":0,"25":0,"26":0,"27":0,"28":0,"29":0,"30":0,"31":0,"32":0},"f":{"0":0,"1":0,"2":0,"3":0},"b":{"0":[0,0],"1":[0,0],"2":[0,0],"3":[0,0]},"meta":{"lastBranch":4,"lastFunction":4,"lastStatement":33,"seen":{"s:10:18:10:Infinity":0,"s:12:0:29:Infinity":1,"f:17:3:17:11":0,"s:18:4:28:Infinity":2,"s:19:25:19:Infinity":3,"b:19:43:19:78:19:78:19:Infinity":0,"s:20:6:23:Infinity":4,"s:24:6:24:Infinity":5,"s:26:6:26:Infinity":6,"s:27:6:27:Infinity":7,"s:31:0:54:Infinity":8,"f:34:3:34:11":1,"s:35:4:53:Infinity":9,"s:36:21:36:32":10,"s:37:21:37:Infinity":11,"b:39:6:49:Infinity:41:13:49:Infinity":1,"s:39:6:49:Infinity":12,"s:40:8:40:Infinity":13,"b:42:8:48:Infinity:44:15:48:Infinity":2,"s:42:8:48:Infinity":14,"s:43:10:43:Infinity":15,"s:45:10:45:Infinity":16,"s:46:10:46:Infinity":17,"f:46:24:46:32":2,"s:46:37:46:60":18,"s:47:10:47:Infinity":19,"s:51:6:51:Infinity":20,"s:52:6:52:Infinity":21,"s:56:0:75:Infinity":22,"f:59:3:59:11":3,"s:60:4:74:Infinity":23,"s:61:21:61:32":24,"s:62:25:62:Infinity":25,"b:64:6:70:Infinity:66:13:70:Infinity":3,"s:64:6:70:Infinity":26,"s:65:8:65:Infinity":27,"s:67:8:67:Infinity":28,"s:68:8:68:Infinity":29,"s:69:8:69:Infinity":30,"s:72:6:72:Infinity":31,"s:73:6:73:Infinity":32},"fnNames":{}}}
,"/workspace/src/commands/doctor.ts": {"path":"/workspace/src/commands/doctor.ts","statementMap":{"0":{"start":{"line":20,"column":15},"end":{"line":20,"column":null}},"1":{"start":{"line":22,"column":0},"end":{"line":222,"column":null}},"2":{"start":{"line":25,"column":35},"end":{"line":25,"column":null}},"3":{"start":{"line":28,"column":24},"end":{"line":28,"column":null}},"4":{"start":{"line":29,"column":22},"end":{"line":29,"column":null}},"5":{"start":{"line":30,"column":4},"end":{"line":43,"column":null}},"6":{"start":{"line":31,"column":6},"end":{"line":35,"column":null}},"7":{"start":{"line":37,"column":6},"end":{"line":42,"column":null}},"8":{"start":{"line":46,"column":4},"end":{"line":64,"column":null}},"9":{"start":{"line":47,"column":27},"end":{"line":47,"column":null}},"10":{"start":{"line":48,"column":6},"end":{"line":48,"column":null}},"11":{"start":{"line":51,"column":22},"end":{"line":51,"column":null}},"12":{"start":{"line":52,"column":6},"end":{"line":56,"column":null}},"13":{"start":{"line":58,"column":6},"end":{"line":63,"column":null}},"14":{"start":{"line":67,"column":23},"end":{"line":67,"column":null}},"15":{"start":{"line":68,"column":4},"end":{"line":101,"column":null}},"16":{"start":{"line":69,"column":6},"end":{"line":93,"column":null}},"17":{"start":{"line":70,"column":23},"end":{"line":70,"column":34}},"18":{"start":{"line":71,"column":27},"end":{"line":71,"column":null}},"19":{"start":{"line":73,"column":8},"end":{"line":86,"column":null}},"20":{"start":{"line":74,"column":10},"end":{"line":78,"column":null}},"21":{"start":{"line":80,"column":10},"end":{"line":85,"column":null}},"22":{"start":{"line":88,"column":8},"end":{"line":92,"column":null}},"23":{"start":{"line":95,"column":6},"end":{"line":100,"column":null}},"24":{"start":{"line":104,"column":30},"end":{"line":104,"column":null}},"25":{"start":{"line":105,"column":4},"end":{"line":131,"column":null}},"26":{"start":{"line":106,"column":6},"end":{"line":130,"column":null}},"27":{"start":{"line":107,"column":30},"end":{"line":107,"column":null}},"28":{"start":{"line":108,"column":27},"end":{"line":108,"column":null}},"29":{"start":{"line":110,"column":8},"end":{"line":123,"column":null}},"30":{"start":{"line":111,"column":10},"end":{"line":115,"column":null}},"31":{"start":{"line":117,"column":10},"end":{"line":122,"column":null}},"32":{"start":{"line":125,"column":8},"end":{"line":129,"column":null}},"33":{"start":{"line":134,"column":20},"end":{"line":134,"column":null}},"34":{"start":{"line":135,"column":23},"end":{"line":135,"column":null}},"35":{"start":{"line":135,"column":43},"end":{"line":135,"column":57}},"36":{"start":{"line":137,"column":4},"end":{"line":151,"column":null}},"37":{"start":{"line":138,"column":6},"end":{"line":143,"column":null}},"38":{"start":{"line":145,"column":6},"end":{"line":150,"column":null}},"39":{"start":{"line":154,"column":20},"end":{"line":154,"column":null}},"40":{"start":{"line":155,"column":24},"end":{"line":155,"column":null}},"41":{"start":{"line":157,"column":4},"end":{"line":178,"column":null}},"42":{"start":{"line":158,"column":6},"end":{"line":160,"column":null}},"43":{"start":{"line":159,"column":8},"end":{"line":159,"column":null}},"44":{"start":{"line":162,"column":23},"end":{"line":162,"column":null}},"45":{"start":{"line":163,"column":6},"end":{"line":163,"column":null}},"46":{"start":{"line":164,"column":6},"end":{"line":164,"column":null}},"47":{"start":{"line":166,"column":6},"end":{"line":170,"column":null}},"48":{"start":{"line":172,"column":6},"end":{"line":177,"column":null}},"49":{"start":{"line":181,"column":4},"end":{"line":221,"column":null}},"50":{"start":{"line":182,"column":6},"end":{"line":190,"column":null}},"51":{"start":{"line":186,"column":34},"end":{"line":186,"column":51}},"52":{"start":{"line":187,"column":39},"end":{"line":187,"column":61}},"53":{"start":{"line":188,"column":37},"end":{"line":188,"column":57}},"54":{"start":{"line":192,"column":6},"end":{"line":192,"column":null}},"55":{"start":{"line":193,"column":6},"end":{"line":193,"column":null}},"56":{"start":{"line":195,"column":6},"end":{"line":206,"column":null}},"57":{"start":{"line":196,"column":21},"end":{"line":196,"column":null}},"58":{"start":{"line":197,"column":22},"end":{"line":197,"column":null}},"59":{"start":{"line":198,"column":22},"end":{"line":198,"column":null}},"60":{"start":{"line":200,"column":8},"end":{"line":200,"column":null}},"61":{"start":{"line":201,"column":8},"end":{"line":201,"column":null}},"62":{"start":{"line":202,"column":8},"end":{"line":204,"column":null}},"63":{"start":{"line":203,"column":10},"end":{"line":203,"column":null}},"64":{"start":{"line":205,"column":8},"end":{"line":205,"column":null}},"65":{"start":{"line":208,"column":6},"end":{"line":208,"column":null}},"66":{"start":{"line":210,"column":21},"end":{"line":210,"column":null}},"67":{"start":{"line":210,"column":41},"end":{"line":210,"column":61}},"68":{"start":{"line":211,"column":23},"end":{"line":211,"column":null}},"69":{"start":{"line":211,"column":43},"end":{"line":211,"column":65}},"70":{"start":{"line":213,"column":6},"end":{"line":220,"column":null}},"71":{"start":{"line":214,"column":8},"end":{"line":214,"column":null}},"72":{"start":{"line":215,"column":13},"end":{"line":220,"column":null}},"73":{"start":{"line":216,"column":8},"end":{"line":216,"column":null}},"74":{"start":{"line":218,"column":8},"end":{"line":218,"column":null}},"75":{"start":{"line":219,"column":8},"end":{"line":219,"column":null}},"76":{"start":{"line":225,"column":2},"end":{"line":232,"column":null}},"77":{"start":{"line":226,"column":17},"end":{"line":226,"column":null}},"78":{"start":{"line":227,"column":4},"end":{"line":227,"column":null}},"79":{"start":{"line":228,"column":4},"end":{"line":231,"column":null}},"80":{"start":{"line":229,"column":6},"end":{"line":230,"column":null}},"81":{"start":{"line":229,"column":22},"end":{"line":229,"column":null}},"82":{"start":{"line":230,"column":11},"end":{"line":230,"column":null}},"83":{"start":{"line":236,"column":2},"end":{"line":245,"column":null}},"84":{"start":{"line":237,"column":17},"end":{"line":237,"column":null}},"85":{"start":{"line":238,"column":17},"end":{"line":238,"column":null}},"86":{"start":{"line":239,"column":4},"end":{"line":241,"column":null}},"87":{"start":{"line":240,"column":6},"end":{"line":240,"column":null}},"88":{"start":{"line":242,"column":4},"end":{"line":244,"column":null}},"89":{"start":{"line":243,"column":6},"end":{"line":243,"column":null}}},"fnMap":{"0":{"name":"(anonymous_0)","decl":{"start":{"line":24,"column":10},"end":{"line":24,"column":17}},"loc":{"start":{"line":24,"column":29},"end":{"line":222,"column":3}},"line":24},"1":{"name":"(anonymous_1)","decl":{"start":{"line":135,"column":31},"end":{"line":135,"column":38}},"loc":{"start":{"line":135,"column":43},"end":{"line":135,"column":57}},"line":135},"2":{"name":"(anonymous_2)","decl":{"start":{"line":186,"column":22},"end":{"line":186,"column":29}},"loc":{"start":{"line":186,"column":34},"end":{"line":186,"column":51}},"line":186},"3":{"name":"(anonymous_3)","decl":{"start":{"line":187,"column":27},"end":{"line":187,"column":34}},"loc":{"start":{"line":187,"column":39},"end":{"line":187,"column":61}},"line":187},"4":{"name":"(anonymous_4)","decl":{"start":{"line":188,"column":25},"end":{"line":188,"column":32}},"loc":{"start":{"line":188,"column":37},"end":{"line":188,"column":57}},"line":188},"5":{"name":"(anonymous_5)","decl":{"start":{"line":210,"column":29},"end":{"line":210,"column":36}},"loc":{"start":{"line":210,"column":41},"end":{"line":210,"column":61}},"line":210},"6":{"name":"(anonymous_6)","decl":{"start":{"line":211,"column":31},"end":{"line":211,"column":38}},"loc":{"start":{"line":211,"column":43},"end":{"line":211,"column":65}},"line":211},"7":{"name":"checkCommandExists","decl":{"start":{"line":224,"column":9},"end":{"line":224,"column":28}},"loc":{"start":{"line":224,"column":60},"end":{"line":233,"column":null}},"line":224},"8":{"name":"(anonymous_8)","decl":{"start":{"line":225,"column":13},"end":{"line":225,"column":22}},"loc":{"start":{"line":225,"column":42},"end":{"line":232,"column":3}},"line":225},"9":{"name":"(anonymous_9)","decl":{"start":{"line":228,"column":12},"end":{"line":228,"column":22}},"loc":{"start":{"line":228,"column":31},"end":{"line":231,"column":5}},"line":228},"10":{"name":"getCommandVersion","decl":{"start":{"line":235,"column":15},"end":{"line":235,"column":33}},"loc":{"start":{"line":235,"column":67},"end":{"line":246,"column":null}},"line":235},"11":{"name":"(anonymous_11)","decl":{"start":{"line":236,"column":13},"end":{"line":236,"column":22}},"loc":{"start":{"line":236,"column":34},"end":{"line":245,"column":3}},"line":236},"12":{"name":"(anonymous_12)","decl":{"start":{"line":239,"column":20},"end":{"line":239,"column":29}},"loc":{"start":{"line":239,"column":38},"end":{"line":241,"column":5}},"line":239},"13":{"name":"(anonymous_13)","decl":{"start":{"line":242,"column":12},"end":{"line":242,"column":27}},"loc":{"start":{"line":242,"column":27},"end":{"line":244,"column":5}},"line":242}},"branchMap":{"0":{"loc":{"start":{"line":30,"column":4},"end":{"line":43,"column":null}},"type":"if","locations":[{"start":{"line":30,"column":4},"end":{"line":43,"column":null}},{"start":{"line":36,"column":11},"end":{"line":43,"column":null}}],"line":30},"1":{"loc":{"start":{"line":47,"column":27},"end":{"line":47,"column":null}},"type":"binary-expr","locations":[{"start":{"line":47,"column":27},"end":{"line":47,"column":56}},{"start":{"line":47,"column":56},"end":{"line":47,"column":null}}],"line":47},"2":{"loc":{"start":{"line":55,"column":31},"end":{"line":55,"column":60}},"type":"binary-expr","locations":[{"start":{"line":55,"column":31},"end":{"line":55,"column":42}},{"start":{"line":55,"column":42},"end":{"line":55,"column":60}}],"line":55},"3":{"loc":{"start":{"line":68,"column":4},"end":{"line":101,"column":null}},"type":"if","locations":[{"start":{"line":68,"column":4},"end":{"line":101,"column":null}},{"start":{"line":94,"column":11},"end":{"line":101,"column":null}}],"line":68},"4":{"loc":{"start":{"line":73,"column":8},"end":{"line":86,"column":null}},"type":"if","locations":[{"start":{"line":73,"column":8},"end":{"line":86,"column":null}},{"start":{"line":79,"column":15},"end":{"line":86,"column":null}}],"line":73},"5":{"loc":{"start":{"line":105,"column":4},"end":{"line":131,"column":null}},"type":"if","locations":[{"start":{"line":105,"column":4},"end":{"line":131,"column":null}},{"start":{},"end":{}}],"line":105},"6":{"loc":{"start":{"line":110,"column":8},"end":{"line":123,"column":null}},"type":"if","locations":[{"start":{"line":110,"column":8},"end":{"line":123,"column":null}},{"start":{"line":116,"column":15},"end":{"line":123,"column":null}}],"line":110},"7":{"loc":{"start":{"line":137,"column":4},"end":{"line":151,"column":null}},"type":"if","locations":[{"start":{"line":137,"column":4},"end":{"line":151,"column":null}},{"start":{"line":144,"column":11},"end":{"line":151,"column":null}}],"line":137},"8":{"loc":{"start":{"line":154,"column":20},"end":{"line":154,"column":null}},"type":"binary-expr","locations":[{"start":{"line":154,"column":20},"end":{"line":154,"column":40}},{"start":{"line":154,"column":40},"end":{"line":154,"column":67}},{"start":{"line":154,"column":67},"end":{"line":154,"column":null}}],"line":154},"9":{"loc":{"start":{"line":158,"column":6},"end":{"line":160,"column":null}},"type":"if","locations":[{"start":{"line":158,"column":6},"end":{"line":160,"column":null}},{"start":{},"end":{}}],"line":158},"10":{"loc":{"start":{"line":181,"column":4},"end":{"line":221,"column":null}},"type":"if","locations":[{"start":{"line":181,"column":4},"end":{"line":221,"column":null}},{"start":{"line":191,"column":11},"end":{"line":221,"column":null}}],"line":181},"11":{"loc":{"start":{"line":196,"column":21},"end":{"line":196,"column":null}},"type":"cond-expr","locations":[{"start":{"line":196,"column":46},"end":{"line":196,"column":52}},{"start":{"line":196,"column":52},"end":{"line":196,"column":null}}],"line":196},"12":{"loc":{"start":{"line":196,"column":52},"end":{"line":196,"column":null}},"type":"cond-expr","locations":[{"start":{"line":196,"column":82},"end":{"line":196,"column":88}},{"start":{"line":196,"column":88},"end":{"line":196,"column":null}}],"line":196},"13":{"loc":{"start":{"line":197,"column":22},"end":{"line":197,"column":null}},"type":"cond-expr","locations":[{"start":{"line":197,"column":47},"end":{"line":197,"column":60}},{"start":{"line":197,"column":60},"end":{"line":197,"column":null}}],"line":197},"14":{"loc":{"start":{"line":197,"column":60},"end":{"line":197,"column":null}},"type":"cond-expr","locations":[{"start":{"line":197,"column":90},"end":{"line":197,"column":103}},{"start":{"line":197,"column":103},"end":{"line":197,"column":null}}],"line":197},"15":{"loc":{"start":{"line":202,"column":8},"end":{"line":204,"column":null}},"type":"if","locations":[{"start":{"line":202,"column":8},"end":{"line":204,"column":null}},{"start":{},"end":{}}],"line":202},"16":{"loc":{"start":{"line":213,"column":6},"end":{"line":220,"column":null}},"type":"if","locations":[{"start":{"line":213,"column":6},"end":{"line":220,"column":null}},{"start":{"line":215,"column":13},"end":{"line":220,"column":null}}],"line":213},"17":{"loc":{"start":{"line":213,"column":10},"end":{"line":213,"column":42}},"type":"binary-expr","locations":[{"start":{"line":213,"column":10},"end":{"line":213,"column":26}},{"start":{"line":213,"column":26},"end":{"line":213,"column":42}}],"line":213},"18":{"loc":{"start":{"line":215,"column":13},"end":{"line":220,"column":null}},"type":"if","locations":[{"start":{"line":215,"column":13},"end":{"line":220,"column":null}},{"start":{"line":217,"column":13},"end":{"line":220,"column":null}}],"line":215},"19":{"loc":{"start":{"line":229,"column":6},"end":{"line":230,"column":null}},"type":"if","locations":[{"start":{"line":229,"column":6},"end":{"line":230,"column":null}},{"start":{"line":230,"column":11},"end":{"line":230,"column":null}}],"line":229}},"s":{"0":0,"1":0,"2":0,"3":0,"4":0,"5":0,"6":0,"7":0,"8":0,"9":0,"10":0,"11":0,"12":0,"13":0,"14":0,"15":0,"16":0,"17":0,"18":0,"19":0,"20":0,"21":0,"22":0,"23":0,"24":0,"25":0,"26":0,"27":0,"28":0,"29":0,"30":0,"31":0,"32":0,"33":0,"34":0,"35":0,"36":0,"37":0,"38":0,"39":0,"40":0,"41":0,"42":0,"43":0,"44":0,"45":0,"46":0,"47":0,"48":0,"49":0,"50":0,"51":0,"52":0,"53":0,"54":0,"55":0,"56":0,"57":0,"58":0,"59":0,"60":0,"61":0,"62":0,"63":0,"64":0,"65":0,"66":0,"67":0,"68":0,"69":0,"70":0,"71":0,"72":0,"73":0,"74":0,"75":0,"76":0,"77":0,"78":0,"79":0,"80":0,"81":0,"82":0,"83":0,"84":0,"85":0,"86":0,"87":0,"88":0,"89":0},"f":{"0":0,"1":0,"2":0,"3":0,"4":0,"5":0,"6":0,"7":0,"8":0,"9":0,"10":0,"11":0,"12":0,"13":0},"b":{"0":[0,0],"1":[0,0],"2":[0,0],"3":[0,0],"4":[0,0],"5":[0,0],"6":[0,0],"7":[0,0],"8":[0,0,0],"9":[0,0],"10":[0,0],"11":[0,0],"12":[0,0],"13":[0,0],"14":[0,0],"15":[0,0],"16":[0,0],"17":[0,0],"18":[0,0],"19":[0,0]},"meta":{"lastBranch":20,"lastFunction":14,"lastStatement":90,"seen":{"s:20:15:20:Infinity":0,"s:22:0:222:Infinity":1,"f:24:10:24:17":0,"s:25:35:25:Infinity":2,"s:28:24:28:Infinity":3,"s:29:22:29:Infinity":4,"b:30:4:43:Infinity:36:11:43:Infinity":0,"s:30:4:43:Infinity":5,"s:31:6:35:Infinity":6,"s:37:6:42:Infinity":7,"s:46:4:64:Infinity":8,"s:47:27:47:Infinity":9,"b:47:27:47:56:47:56:47:Infinity":1,"s:48:6:48:Infinity":10,"s:51:22:51:Infinity":11,"s:52:6:56:Infinity":12,"b:55:31:55:42:55:42:55:60":2,"s:58:6:63:Infinity":13,"s:67:23:67:Infinity":14,"b:68:4:101:Infinity:94:11:101:Infinity":3,"s:68:4:101:Infinity":15,"s:69:6:93:Infinity":16,"s:70:23:70:34":17,"s:71:27:71:Infinity":18,"b:73:8:86:Infinity:79:15:86:Infinity":4,"s:73:8:86:Infinity":19,"s:74:10:78:Infinity":20,"s:80:10:85:Infinity":21,"s:88:8:92:Infinity":22,"s:95:6:100:Infinity":23,"s:104:30:104:Infinity":24,"b:105:4:131:Infinity:undefined:undefined:undefined:undefined":5,"s:105:4:131:Infinity":25,"s:106:6:130:Infinity":26,"s:107:30:107:Infinity":27,"s:108:27:108:Infinity":28,"b:110:8:123:Infinity:116:15:123:Infinity":6,"s:110:8:123:Infinity":29,"s:111:10:115:Infinity":30,"s:117:10:122:Infinity":31,"s:125:8:129:Infinity":32,"s:134:20:134:Infinity":33,"s:135:23:135:Infinity":34,"f:135:31:135:38":1,"s:135:43:135:57":35,"b:137:4:151:Infinity:144:11:151:Infinity":7,"s:137:4:151:Infinity":36,"s:138:6:143:Infinity":37,"s:145:6:150:Infinity":38,"s:154:20:154:Infinity":39,"b:154:20:154:40:154:40:154:67:154:67:154:Infinity":8,"s:155:24:155:Infinity":40,"s:157:4:178:Infinity":41,"b:158:6:160:Infinity:undefined:undefined:undefined:undefined":9,"s:158:6:160:Infinity":42,"s:159:8:159:Infinity":43,"s:162:23:162:Infinity":44,"s:163:6:163:Infinity":45,"s:164:6:164:Infinity":46,"s:166:6:170:Infinity":47,"s:172:6:177:Infinity":48,"b:181:4:221:Infinity:191:11:221:Infinity":10,"s:181:4:221:Infinity":49,"s:182:6:190:Infinity":50,"f:186:22:186:29":2,"s:186:34:186:51":51,"f:187:27:187:34":3,"s:187:39:187:61":52,"f:188:25:188:32":4,"s:188:37:188:57":53,"s:192:6:192:Infinity":54,"s:193:6:193:Infinity":55,"s:195:6:206:Infinity":56,"s:196:21:196:Infinity":57,"b:196:46:196:52:196:52:196:Infinity":11,"b:196:82:196:88:196:88:196:Infinity":12,"s:197:22:197:Infinity":58,"b:197:47:197:60:197:60:197:Infinity":13,"b:197:90:197:103:197:103:197:Infinity":14,"s:198:22:198:Infinity":59,"s:200:8:200:Infinity":60,"s:201:8:201:Infinity":61,"b:202:8:204:Infinity:undefined:undefined:undefined:undefined":15,"s:202:8:204:Infinity":62,"s:203:10:203:Infinity":63,"s:205:8:205:Infinity":64,"s:208:6:208:Infinity":65,"s:210:21:210:Infinity":66,"f:210:29:210:36":5,"s:210:41:210:61":67,"s:211:23:211:Infinity":68,"f:211:31:211:38":6,"s:211:43:211:65":69,"b:213:6:220:Infinity:215:13:220:Infinity":16,"s:213:6:220:Infinity":70,"b:213:10:213:26:213:26:213:42":17,"s:214:8:214:Infinity":71,"b:215:13:220:Infinity:217:13:220:Infinity":18,"s:215:13:220:Infinity":72,"s:216:8:216:Infinity":73,"s:218:8:218:Infinity":74,"s:219:8:219:Infinity":75,"f:224:9:224:28":7,"s:225:2:232:Infinity":76,"f:225:13:225:22":8,"s:226:17:226:Infinity":77,"s:227:4:227:Infinity":78,"s:228:4:231:Infinity":79,"f:228:12:228:22":9,"b:229:6:230:Infinity:230:11:230:Infinity":19,"s:229:6:230:Infinity":80,"s:229:22:229:Infinity":81,"s:230:11:230:Infinity":82,"f:235:15:235:33":10,"s:236:2:245:Infinity":83,"f:236:13:236:22":11,"s:237:17:237:Infinity":84,"s:238:17:238:Infinity":85,"s:239:4:241:Infinity":86,"f:239:20:239:29":12,"s:240:6:240:Infinity":87,"s:242:4:244:Infinity":88,"f:242:12:242:27":13,"s:243:6:243:Infinity":89},"fnNames":{}}}
,"/workspace/src/commands/mcp.ts": {"path":"/workspace/src/commands/mcp.ts","statementMap":{"0":{"start":{"line":10,"column":12},"end":{"line":10,"column":null}},"1":{"start":{"line":12,"column":0},"end":{"line":47,"column":null}},"2":{"start":{"line":20,"column":4},"end":{"line":46,"column":null}},"3":{"start":{"line":21,"column":6},"end":{"line":24,"column":null}},"4":{"start":{"line":22,"column":8},"end":{"line":22,"column":null}},"5":{"start":{"line":23,"column":8},"end":{"line":23,"column":null}},"6":{"start":{"line":25,"column":6},"end":{"line":28,"column":null}},"7":{"start":{"line":26,"column":8},"end":{"line":26,"column":null}},"8":{"start":{"line":27,"column":8},"end":{"line":27,"column":null}},"9":{"start":{"line":30,"column":27},"end":{"line":35,"column":null}},"10":{"start":{"line":37,"column":6},"end":{"line":40,"column":null}},"11":{"start":{"line":42,"column":6},"end":{"line":42,"column":null}},"12":{"start":{"line":44,"column":6},"end":{"line":44,"column":null}},"13":{"start":{"line":45,"column":6},"end":{"line":45,"column":null}},"14":{"start":{"line":49,"column":0},"end":{"line":77,"column":null}},"15":{"start":{"line":53,"column":4},"end":{"line":76,"column":null}},"16":{"start":{"line":54,"column":21},"end":{"line":54,"column":32}},"17":{"start":{"line":55,"column":25},"end":{"line":55,"column":null}},"18":{"start":{"line":57,"column":6},"end":{"line":72,"column":null}},"19":{"start":{"line":58,"column":8},"end":{"line":58,"column":null}},"20":{"start":{"line":60,"column":8},"end":{"line":60,"column":null}},"21":{"start":{"line":61,"column":20},"end":{"line":61,"column":null}},"22":{"start":{"line":62,"column":8},"end":{"line":70,"column":null}},"23":{"start":{"line":63,"column":10},"end":{"line":63,"column":null}},"24":{"start":{"line":65,"column":10},"end":{"line":69,"column":null}},"25":{"start":{"line":66,"column":27},"end":{"line":66,"column":null}},"26":{"start":{"line":67,"column":27},"end":{"line":67,"column":null}},"27":{"start":{"line":68,"column":12},"end":{"line":68,"column":null}},"28":{"start":{"line":71,"column":8},"end":{"line":71,"column":null}},"29":{"start":{"line":74,"column":6},"end":{"line":74,"column":null}},"30":{"start":{"line":75,"column":6},"end":{"line":75,"column":null}},"31":{"start":{"line":79,"column":0},"end":{"line":91,"column":null}},"32":{"start":{"line":83,"column":4},"end":{"line":90,"column":null}},"33":{"start":{"line":84,"column":6},"end":{"line":84,"column":null}},"34":{"start":{"line":85,"column":6},"end":{"line":85,"column":null}},"35":{"start":{"line":86,"column":6},"end":{"line":86,"column":null}},"36":{"start":{"line":88,"column":6},"end":{"line":88,"column":null}},"37":{"start":{"line":89,"column":6},"end":{"line":89,"column":null}},"38":{"start":{"line":93,"column":0},"end":{"line":104,"column":null}},"39":{"start":{"line":97,"column":4},"end":{"line":103,"column":null}},"40":{"start":{"line":98,"column":6},"end":{"line":98,"column":null}},"41":{"start":{"line":99,"column":6},"end":{"line":99,"column":null}},"42":{"start":{"line":101,"column":6},"end":{"line":101,"column":null}},"43":{"start":{"line":102,"column":6},"end":{"line":102,"column":null}},"44":{"start":{"line":106,"column":0},"end":{"line":122,"column":null}},"45":{"start":{"line":112,"column":4},"end":{"line":121,"column":null}},"46":{"start":{"line":113,"column":6},"end":{"line":116,"column":null}},"47":{"start":{"line":117,"column":6},"end":{"line":117,"column":null}},"48":{"start":{"line":119,"column":6},"end":{"line":119,"column":null}},"49":{"start":{"line":120,"column":6},"end":{"line":120,"column":null}}},"fnMap":{"0":{"name":"(anonymous_0)","decl":{"start":{"line":19,"column":10},"end":{"line":19,"column":17}},"loc":{"start":{"line":19,"column":39},"end":{"line":47,"column":3}},"line":19},"1":{"name":"(anonymous_1)","decl":{"start":{"line":52,"column":3},"end":{"line":52,"column":11}},"loc":{"start":{"line":52,"column":23},"end":{"line":77,"column":3}},"line":52},"2":{"name":"(anonymous_2)","decl":{"start":{"line":82,"column":10},"end":{"line":82,"column":17}},"loc":{"start":{"line":82,"column":39},"end":{"line":91,"column":3}},"line":82},"3":{"name":"(anonymous_3)","decl":{"start":{"line":96,"column":10},"end":{"line":96,"column":17}},"loc":{"start":{"line":96,"column":39},"end":{"line":104,"column":3}},"line":96},"4":{"name":"(anonymous_4)","decl":{"start":{"line":111,"column":10},"end":{"line":111,"column":17}},"loc":{"start":{"line":111,"column":39},"end":{"line":122,"column":3}},"line":111}},"branchMap":{"0":{"loc":{"start":{"line":21,"column":6},"end":{"line":24,"column":null}},"type":"if","locations":[{"start":{"line":21,"column":6},"end":{"line":24,"column":null}},{"start":{},"end":{}}],"line":21},"1":{"loc":{"start":{"line":21,"column":10},"end":{"line":21,"column":53}},"type":"binary-expr","locations":[{"start":{"line":21,"column":10},"end":{"line":21,"column":39}},{"start":{"line":21,"column":39},"end":{"line":21,"column":53}}],"line":21},"2":{"loc":{"start":{"line":25,"column":6},"end":{"line":28,"column":null}},"type":"if","locations":[{"start":{"line":25,"column":6},"end":{"line":28,"column":null}},{"start":{},"end":{}}],"line":25},"3":{"loc":{"start":{"line":25,"column":10},"end":{"line":25,"column":56}},"type":"binary-expr","locations":[{"start":{"line":25,"column":10},"end":{"line":25,"column":38}},{"start":{"line":25,"column":38},"end":{"line":25,"column":56}}],"line":25},"4":{"loc":{"start":{"line":33,"column":17},"end":{"line":33,"column":null}},"type":"cond-expr","locations":[{"start":{"line":33,"column":35},"end":{"line":33,"column":64}},{"start":{"line":33,"column":64},"end":{"line":33,"column":null}}],"line":33},"5":{"loc":{"start":{"line":55,"column":25},"end":{"line":55,"column":null}},"type":"binary-expr","locations":[{"start":{"line":55,"column":25},"end":{"line":55,"column":39}},{"start":{"line":55,"column":39},"end":{"line":55,"column":null}}],"line":55},"6":{"loc":{"start":{"line":57,"column":6},"end":{"line":72,"column":null}},"type":"if","locations":[{"start":{"line":57,"column":6},"end":{"line":72,"column":null}},{"start":{"line":59,"column":13},"end":{"line":72,"column":null}}],"line":57},"7":{"loc":{"start":{"line":62,"column":8},"end":{"line":70,"column":null}},"type":"if","locations":[{"start":{"line":62,"column":8},"end":{"line":70,"column":null}},{"start":{"line":64,"column":15},"end":{"line":70,"column":null}}],"line":62},"8":{"loc":{"start":{"line":67,"column":27},"end":{"line":67,"column":null}},"type":"cond-expr","locations":[{"start":{"line":67,"column":54},"end":{"line":67,"column":60}},{"start":{"line":67,"column":60},"end":{"line":67,"column":null}}],"line":67},"9":{"loc":{"start":{"line":68,"column":63},"end":{"line":68,"column":110}},"type":"binary-expr","locations":[{"start":{"line":68,"column":63},"end":{"line":68,"column":77}},{"start":{"line":68,"column":77},"end":{"line":68,"column":106}},{"start":{"line":68,"column":106},"end":{"line":68,"column":110}}],"line":68}},"s":{"0":0,"1":0,"2":0,"3":0,"4":0,"5":0,"6":0,"7":0,"8":0,"9":0,"10":0,"11":0,"12":0,"13":0,"14":0,"15":0,"16":0,"17":0,"18":0,"19":0,"20":0,"21":0,"22":0,"23":0,"24":0,"25":0,"26":0,"27":0,"28":0,"29":0,"30":0,"31":0,"32":0,"33":0,"34":0,"35":0,"36":0,"37":0,"38":0,"39":0,"40":0,"41":0,"42":0,"43":0,"44":0,"45":0,"46":0,"47":0,"48":0,"49":0},"f":{"0":0,"1":0,"2":0,"3":0,"4":0},"b":{"0":[0,0],"1":[0,0],"2":[0,0],"3":[0,0],"4":[0,0],"5":[0,0],"6":[0,0],"7":[0,0],"8":[0,0],"9":[0,0,0]},"meta":{"lastBranch":10,"lastFunction":5,"lastStatement":50,"seen":{"s:10:12:10:Infinity":0,"s:12:0:47:Infinity":1,"f:19:10:19:17":0,"s:20:4:46:Infinity":2,"b:21:6:24:Infinity:undefined:undefined:undefined:undefined":0,"s:21:6:24:Infinity":3,"b:21:10:21:39:21:39:21:53":1,"s:22:8:22:Infinity":4,"s:23:8:23:Infinity":5,"b:25:6:28:Infinity:undefined:undefined:undefined:undefined":2,"s:25:6:28:Infinity":6,"b:25:10:25:38:25:38:25:56":3,"s:26:8:26:Infinity":7,"s:27:8:27:Infinity":8,"s:30:27:35:Infinity":9,"b:33:35:33:64:33:64:33:Infinity":4,"s:37:6:40:Infinity":10,"s:42:6:42:Infinity":11,"s:44:6:44:Infinity":12,"s:45:6:45:Infinity":13,"s:49:0:77:Infinity":14,"f:52:3:52:11":1,"s:53:4:76:Infinity":15,"s:54:21:54:32":16,"s:55:25:55:Infinity":17,"b:55:25:55:39:55:39:55:Infinity":5,"b:57:6:72:Infinity:59:13:72:Infinity":6,"s:57:6:72:Infinity":18,"s:58:8:58:Infinity":19,"s:60:8:60:Infinity":20,"s:61:20:61:Infinity":21,"b:62:8:70:Infinity:64:15:70:Infinity":7,"s:62:8:70:Infinity":22,"s:63:10:63:Infinity":23,"s:65:10:69:Infinity":24,"s:66:27:66:Infinity":25,"s:67:27:67:Infinity":26,"b:67:54:67:60:67:60:67:Infinity":8,"s:68:12:68:Infinity":27,"b:68:63:68:77:68:77:68:106:68:106:68:110":9,"s:71:8:71:Infinity":28,"s:74:6:74:Infinity":29,"s:75:6:75:Infinity":30,"s:79:0:91:Infinity":31,"f:82:10:82:17":2,"s:83:4:90:Infinity":32,"s:84:6:84:Infinity":33,"s:85:6:85:Infinity":34,"s:86:6:86:Infinity":35,"s:88:6:88:Infinity":36,"s:89:6:89:Infinity":37,"s:93:0:104:Infinity":38,"f:96:10:96:17":3,"s:97:4:103:Infinity":39,"s:98:6:98:Infinity":40,"s:99:6:99:Infinity":41,"s:101:6:101:Infinity":42,"s:102:6:102:Infinity":43,"s:106:0:122:Infinity":44,"f:111:10:111:17":4,"s:112:4:121:Infinity":45,"s:113:6:116:Infinity":46,"s:117:6:117:Infinity":47,"s:119:6:119:Infinity":48,"s:120:6:120:Infinity":49},"fnNames":{}}}
,"/workspace/src/commands/model.ts": {"path":"/workspace/src/commands/model.ts","statementMap":{"0":{"start":{"line":14,"column":15},"end":{"line":18,"column":null}},"1":{"start":{"line":20,"column":14},"end":{"line":20,"column":null}},"2":{"start":{"line":24,"column":2},"end":{"line":27,"column":null}},"3":{"start":{"line":31,"column":2},"end":{"line":33,"column":null}},"4":{"start":{"line":32,"column":4},"end":{"line":32,"column":null}},"5":{"start":{"line":32,"column":38},"end":{"line":32,"column":53}},"6":{"start":{"line":40,"column":21},"end":{"line":40,"column":null}},"7":{"start":{"line":41,"column":2},"end":{"line":41,"column":null}},"8":{"start":{"line":48,"column":0},"end":{"line":103,"column":null}},"9":{"start":{"line":54,"column":4},"end":{"line":102,"column":null}},"10":{"start":{"line":55,"column":22},"end":{"line":55,"column":null}},"11":{"start":{"line":57,"column":6},"end":{"line":98,"column":null}},"12":{"start":{"line":59,"column":23},"end":{"line":62,"column":null}},"13":{"start":{"line":64,"column":8},"end":{"line":74,"column":null}},"14":{"start":{"line":65,"column":10},"end":{"line":65,"column":null}},"15":{"start":{"line":67,"column":10},"end":{"line":67,"column":null}},"16":{"start":{"line":68,"column":10},"end":{"line":72,"column":null}},"17":{"start":{"line":69,"column":12},"end":{"line":69,"column":null}},"18":{"start":{"line":71,"column":12},"end":{"line":71,"column":null}},"19":{"start":{"line":71,"column":32},"end":{"line":71,"column":55}},"20":{"start":{"line":73,"column":10},"end":{"line":73,"column":null}},"21":{"start":{"line":77,"column":23},"end":{"line":77,"column":34}},"22":{"start":{"line":78,"column":26},"end":{"line":78,"column":null}},"23":{"start":{"line":80,"column":8},"end":{"line":97,"column":null}},"24":{"start":{"line":81,"column":51},"end":{"line":81,"column":null}},"25":{"start":{"line":82,"column":10},"end":{"line":84,"column":null}},"26":{"start":{"line":83,"column":12},"end":{"line":83,"column":null}},"27":{"start":{"line":85,"column":10},"end":{"line":85,"column":null}},"28":{"start":{"line":87,"column":10},"end":{"line":87,"column":null}},"29":{"start":{"line":88,"column":10},"end":{"line":94,"column":null}},"30":{"start":{"line":89,"column":27},"end":{"line":89,"column":null}},"31":{"start":{"line":90,"column":12},"end":{"line":93,"column":null}},"32":{"start":{"line":91,"column":14},"end":{"line":91,"column":null}},"33":{"start":{"line":92,"column":14},"end":{"line":92,"column":null}},"34":{"start":{"line":92,"column":34},"end":{"line":92,"column":59}},"35":{"start":{"line":95,"column":10},"end":{"line":95,"column":null}},"36":{"start":{"line":96,"column":10},"end":{"line":96,"column":null}},"37":{"start":{"line":100,"column":6},"end":{"line":100,"column":null}},"38":{"start":{"line":101,"column":6},"end":{"line":101,"column":null}},"39":{"start":{"line":109,"column":0},"end":{"line":144,"column":null}},"40":{"start":{"line":115,"column":4},"end":{"line":143,"column":null}},"41":{"start":{"line":117,"column":6},"end":{"line":127,"column":null}},"42":{"start":{"line":118,"column":8},"end":{"line":126,"column":null}},"43":{"start":{"line":129,"column":25},"end":{"line":129,"column":null}},"44":{"start":{"line":131,"column":6},"end":{"line":134,"column":null}},"45":{"start":{"line":136,"column":20},"end":{"line":136,"column":null}},"46":{"start":{"line":137,"column":6},"end":{"line":137,"column":null}},"47":{"start":{"line":140,"column":23},"end":{"line":140,"column":null}},"48":{"start":{"line":141,"column":6},"end":{"line":141,"column":null}},"49":{"start":{"line":142,"column":6},"end":{"line":142,"column":null}},"50":{"start":{"line":150,"column":0},"end":{"line":227,"column":null}},"51":{"start":{"line":154,"column":4},"end":{"line":226,"column":null}},"52":{"start":{"line":155,"column":21},"end":{"line":155,"column":32}},"53":{"start":{"line":156,"column":27},"end":{"line":156,"column":null}},"54":{"start":{"line":158,"column":6},"end":{"line":158,"column":null}},"55":{"start":{"line":161,"column":24},"end":{"line":163,"column":null}},"56":{"start":{"line":165,"column":6},"end":{"line":168,"column":null}},"57":{"start":{"line":166,"column":8},"end":{"line":166,"column":null}},"58":{"start":{"line":167,"column":8},"end":{"line":167,"column":null}},"59":{"start":{"line":171,"column":34},"end":{"line":171,"column":null}},"60":{"start":{"line":172,"column":6},"end":{"line":177,"column":null}},"61":{"start":{"line":173,"column":23},"end":{"line":173,"column":null}},"62":{"start":{"line":174,"column":8},"end":{"line":176,"column":null}},"63":{"start":{"line":175,"column":10},"end":{"line":175,"column":null}},"64":{"start":{"line":180,"column":27},"end":{"line":187,"column":null}},"65":{"start":{"line":189,"column":6},"end":{"line":193,"column":null}},"66":{"start":{"line":190,"column":8},"end":{"line":192,"column":null}},"67":{"start":{"line":191,"column":10},"end":{"line":191,"column":null}},"68":{"start":{"line":196,"column":17},"end":{"line":196,"column":null}},"69":{"start":{"line":198,"column":6},"end":{"line":198,"column":null}},"70":{"start":{"line":199,"column":6},"end":{"line":202,"column":null}},"71":{"start":{"line":200,"column":23},"end":{"line":200,"column":null}},"72":{"start":{"line":201,"column":8},"end":{"line":201,"column":null}},"73":{"start":{"line":204,"column":21},"end":{"line":204,"column":null}},"74":{"start":{"line":205,"column":6},"end":{"line":205,"column":null}},"75":{"start":{"line":207,"column":6},"end":{"line":210,"column":null}},"76":{"start":{"line":208,"column":8},"end":{"line":208,"column":null}},"77":{"start":{"line":209,"column":8},"end":{"line":209,"column":null}},"78":{"start":{"line":212,"column":20},"end":{"line":212,"column":null}},"79":{"start":{"line":213,"column":6},"end":{"line":216,"column":null}},"80":{"start":{"line":214,"column":8},"end":{"line":214,"column":null}},"81":{"start":{"line":215,"column":8},"end":{"line":215,"column":null}},"82":{"start":{"line":218,"column":28},"end":{"line":218,"column":null}},"83":{"start":{"line":220,"column":6},"end":{"line":220,"column":null}},"84":{"start":{"line":221,"column":6},"end":{"line":221,"column":null}},"85":{"start":{"line":224,"column":6},"end":{"line":224,"column":null}},"86":{"start":{"line":225,"column":6},"end":{"line":225,"column":null}},"87":{"start":{"line":233,"column":0},"end":{"line":318,"column":null}},"88":{"start":{"line":240,"column":4},"end":{"line":317,"column":null}},"89":{"start":{"line":241,"column":21},"end":{"line":241,"column":32}},"90":{"start":{"line":244,"column":20},"end":{"line":244,"column":null}},"91":{"start":{"line":245,"column":6},"end":{"line":252,"column":null}},"92":{"start":{"line":246,"column":8},"end":{"line":250,"column":null}},"93":{"start":{"line":251,"column":8},"end":{"line":251,"column":null}},"94":{"start":{"line":254,"column":36},"end":{"line":254,"column":null}},"95":{"start":{"line":256,"column":6},"end":{"line":258,"column":null}},"96":{"start":{"line":257,"column":8},"end":{"line":257,"column":null}},"97":{"start":{"line":259,"column":6},"end":{"line":261,"column":null}},"98":{"start":{"line":260,"column":8},"end":{"line":260,"column":null}},"99":{"start":{"line":262,"column":6},"end":{"line":264,"column":null}},"100":{"start":{"line":263,"column":8},"end":{"line":263,"column":null}},"101":{"start":{"line":265,"column":6},"end":{"line":267,"column":null}},"102":{"start":{"line":266,"column":8},"end":{"line":266,"column":null}},"103":{"start":{"line":269,"column":6},"end":{"line":271,"column":null}},"104":{"start":{"line":270,"column":8},"end":{"line":270,"column":null}},"105":{"start":{"line":274,"column":53},"end":{"line":274,"column":null}},"106":{"start":{"line":276,"column":6},"end":{"line":283,"column":null}},"107":{"start":{"line":277,"column":28},"end":{"line":277,"column":null}},"108":{"start":{"line":278,"column":8},"end":{"line":281,"column":null}},"109":{"start":{"line":279,"column":10},"end":{"line":279,"column":null}},"110":{"start":{"line":280,"column":10},"end":{"line":280,"column":null}},"111":{"start":{"line":282,"column":8},"end":{"line":282,"column":null}},"112":{"start":{"line":285,"column":6},"end":{"line":292,"column":null}},"113":{"start":{"line":286,"column":28},"end":{"line":286,"column":null}},"114":{"start":{"line":287,"column":8},"end":{"line":290,"column":null}},"115":{"start":{"line":288,"column":10},"end":{"line":288,"column":null}},"116":{"start":{"line":289,"column":10},"end":{"line":289,"column":null}},"117":{"start":{"line":291,"column":8},"end":{"line":291,"column":null}},"118":{"start":{"line":295,"column":6},"end":{"line":298,"column":null}},"119":{"start":{"line":296,"column":8},"end":{"line":296,"column":null}},"120":{"start":{"line":297,"column":8},"end":{"line":297,"column":null}},"121":{"start":{"line":300,"column":6},"end":{"line":300,"column":null}},"122":{"start":{"line":303,"column":30},"end":{"line":303,"column":null}},"123":{"start":{"line":304,"column":6},"end":{"line":307,"column":null}},"124":{"start":{"line":309,"column":6},"end":{"line":309,"column":null}},"125":{"start":{"line":310,"column":6},"end":{"line":312,"column":null}},"126":{"start":{"line":311,"column":8},"end":{"line":311,"column":null}},"127":{"start":{"line":315,"column":6},"end":{"line":315,"column":null}},"128":{"start":{"line":316,"column":6},"end":{"line":316,"column":null}}},"fnMap":{"0":{"name":"createInterface","decl":{"start":{"line":23,"column":9},"end":{"line":23,"column":27}},"loc":{"start":{"line":23,"column":27},"end":{"line":28,"column":null}},"line":23},"1":{"name":"prompt","decl":{"start":{"line":30,"column":9},"end":{"line":30,"column":16}},"loc":{"start":{"line":30,"column":75},"end":{"line":34,"column":null}},"line":30},"2":{"name":"(anonymous_2)","decl":{"start":{"line":31,"column":13},"end":{"line":31,"column":22}},"loc":{"start":{"line":31,"column":34},"end":{"line":33,"column":3}},"line":31},"3":{"name":"(anonymous_3)","decl":{"start":{"line":32,"column":16},"end":{"line":32,"column":27}},"loc":{"start":{"line":32,"column":38},"end":{"line":32,"column":53}},"line":32},"4":{"name":"validateModelFormat","decl":{"start":{"line":39,"column":9},"end":{"line":39,"column":29}},"loc":{"start":{"line":39,"column":55},"end":{"line":42,"column":null}},"line":39},"5":{"name":"(anonymous_5)","decl":{"start":{"line":53,"column":10},"end":{"line":53,"column":17}},"loc":{"start":{"line":53,"column":41},"end":{"line":103,"column":3}},"line":53},"6":{"name":"(anonymous_6)","decl":{"start":{"line":71,"column":19},"end":{"line":71,"column":27}},"loc":{"start":{"line":71,"column":32},"end":{"line":71,"column":55}},"line":71},"7":{"name":"(anonymous_7)","decl":{"start":{"line":92,"column":21},"end":{"line":92,"column":29}},"loc":{"start":{"line":92,"column":34},"end":{"line":92,"column":59}},"line":92},"8":{"name":"(anonymous_8)","decl":{"start":{"line":114,"column":10},"end":{"line":114,"column":17}},"loc":{"start":{"line":114,"column":39},"end":{"line":144,"column":3}},"line":114},"9":{"name":"(anonymous_9)","decl":{"start":{"line":153,"column":10},"end":{"line":153,"column":17}},"loc":{"start":{"line":153,"column":29},"end":{"line":227,"column":3}},"line":153},"10":{"name":"(anonymous_10)","decl":{"start":{"line":199,"column":16},"end":{"line":199,"column":25}},"loc":{"start":{"line":199,"column":34},"end":{"line":202,"column":7}},"line":199},"11":{"name":"(anonymous_11)","decl":{"start":{"line":239,"column":10},"end":{"line":239,"column":17}},"loc":{"start":{"line":239,"column":52},"end":{"line":318,"column":3}},"line":239}},"branchMap":{"0":{"loc":{"start":{"line":55,"column":22},"end":{"line":55,"column":null}},"type":"binary-expr","locations":[{"start":{"line":55,"column":22},"end":{"line":55,"column":41}},{"start":{"line":55,"column":41},"end":{"line":55,"column":null}}],"line":55},"1":{"loc":{"start":{"line":57,"column":6},"end":{"line":98,"column":null}},"type":"if","locations":[{"start":{"line":57,"column":6},"end":{"line":98,"column":null}},{"start":{"line":75,"column":13},"end":{"line":98,"column":null}}],"line":57},"2":{"loc":{"start":{"line":64,"column":8},"end":{"line":74,"column":null}},"type":"if","locations":[{"start":{"line":64,"column":8},"end":{"line":74,"column":null}},{"start":{"line":66,"column":15},"end":{"line":74,"column":null}}],"line":64},"3":{"loc":{"start":{"line":68,"column":10},"end":{"line":72,"column":null}},"type":"if","locations":[{"start":{"line":68,"column":10},"end":{"line":72,"column":null}},{"start":{"line":70,"column":17},"end":{"line":72,"column":null}}],"line":68},"4":{"loc":{"start":{"line":78,"column":38},"end":{"line":78,"column":59}},"type":"binary-expr","locations":[{"start":{"line":78,"column":38},"end":{"line":78,"column":57}},{"start":{"line":78,"column":57},"end":{"line":78,"column":59}}],"line":78},"5":{"loc":{"start":{"line":80,"column":8},"end":{"line":97,"column":null}},"type":"if","locations":[{"start":{"line":80,"column":8},"end":{"line":97,"column":null}},{"start":{"line":86,"column":15},"end":{"line":97,"column":null}}],"line":80},"6":{"loc":{"start":{"line":83,"column":36},"end":{"line":83,"column":70}},"type":"binary-expr","locations":[{"start":{"line":83,"column":36},"end":{"line":83,"column":68}},{"start":{"line":83,"column":68},"end":{"line":83,"column":70}}],"line":83},"7":{"loc":{"start":{"line":89,"column":39},"end":{"line":89,"column":73}},"type":"binary-expr","locations":[{"start":{"line":89,"column":39},"end":{"line":89,"column":71}},{"start":{"line":89,"column":71},"end":{"line":89,"column":73}}],"line":89},"8":{"loc":{"start":{"line":90,"column":12},"end":{"line":93,"column":null}},"type":"if","locations":[{"start":{"line":90,"column":12},"end":{"line":93,"column":null}},{"start":{},"end":{}}],"line":90},"9":{"loc":{"start":{"line":117,"column":6},"end":{"line":127,"column":null}},"type":"if","locations":[{"start":{"line":117,"column":6},"end":{"line":127,"column":null}},{"start":{},"end":{}}],"line":117},"10":{"loc":{"start":{"line":129,"column":25},"end":{"line":129,"column":null}},"type":"cond-expr","locations":[{"start":{"line":129,"column":43},"end":{"line":129,"column":55}},{"start":{"line":129,"column":55},"end":{"line":129,"column":null}}],"line":129},"11":{"loc":{"start":{"line":136,"column":20},"end":{"line":136,"column":null}},"type":"cond-expr","locations":[{"start":{"line":136,"column":38},"end":{"line":136,"column":50}},{"start":{"line":136,"column":50},"end":{"line":136,"column":null}}],"line":136},"12":{"loc":{"start":{"line":158,"column":36},"end":{"line":158,"column":64}},"type":"binary-expr","locations":[{"start":{"line":158,"column":36},"end":{"line":158,"column":52}},{"start":{"line":158,"column":52},"end":{"line":158,"column":64}}],"line":158},"13":{"loc":{"start":{"line":161,"column":24},"end":{"line":163,"column":null}},"type":"cond-expr","locations":[{"start":{"line":162,"column":10},"end":{"line":162,"column":null}},{"start":{"line":163,"column":10},"end":{"line":163,"column":null}}],"line":161},"14":{"loc":{"start":{"line":163,"column":22},"end":{"line":163,"column":43}},"type":"binary-expr","locations":[{"start":{"line":163,"column":22},"end":{"line":163,"column":41}},{"start":{"line":163,"column":41},"end":{"line":163,"column":43}}],"line":163},"15":{"loc":{"start":{"line":165,"column":6},"end":{"line":168,"column":null}},"type":"if","locations":[{"start":{"line":165,"column":6},"end":{"line":168,"column":null}},{"start":{},"end":{}}],"line":165},"16":{"loc":{"start":{"line":173,"column":35},"end":{"line":173,"column":69}},"type":"binary-expr","locations":[{"start":{"line":173,"column":35},"end":{"line":173,"column":67}},{"start":{"line":173,"column":67},"end":{"line":173,"column":69}}],"line":173},"17":{"loc":{"start":{"line":190,"column":8},"end":{"line":192,"column":null}},"type":"if","locations":[{"start":{"line":190,"column":8},"end":{"line":192,"column":null}},{"start":{},"end":{}}],"line":190},"18":{"loc":{"start":{"line":200,"column":23},"end":{"line":200,"column":null}},"type":"cond-expr","locations":[{"start":{"line":200,"column":44},"end":{"line":200,"column":59}},{"start":{"line":200,"column":59},"end":{"line":200,"column":null}}],"line":200},"19":{"loc":{"start":{"line":207,"column":6},"end":{"line":210,"column":null}},"type":"if","locations":[{"start":{"line":207,"column":6},"end":{"line":210,"column":null}},{"start":{},"end":{}}],"line":207},"20":{"loc":{"start":{"line":213,"column":6},"end":{"line":216,"column":null}},"type":"if","locations":[{"start":{"line":213,"column":6},"end":{"line":216,"column":null}},{"start":{},"end":{}}],"line":213},"21":{"loc":{"start":{"line":213,"column":10},"end":{"line":213,"column":50}},"type":"binary-expr","locations":[{"start":{"line":213,"column":10},"end":{"line":213,"column":23}},{"start":{"line":213,"column":23},"end":{"line":213,"column":50}}],"line":213},"22":{"loc":{"start":{"line":245,"column":6},"end":{"line":252,"column":null}},"type":"if","locations":[{"start":{"line":245,"column":6},"end":{"line":252,"column":null}},{"start":{},"end":{}}],"line":245},"23":{"loc":{"start":{"line":256,"column":6},"end":{"line":258,"column":null}},"type":"if","locations":[{"start":{"line":256,"column":6},"end":{"line":258,"column":null}},{"start":{},"end":{}}],"line":256},"24":{"loc":{"start":{"line":259,"column":6},"end":{"line":261,"column":null}},"type":"if","locations":[{"start":{"line":259,"column":6},"end":{"line":261,"column":null}},{"start":{},"end":{}}],"line":259},"25":{"loc":{"start":{"line":262,"column":6},"end":{"line":264,"column":null}},"type":"if","locations":[{"start":{"line":262,"column":6},"end":{"line":264,"column":null}},{"start":{},"end":{}}],"line":262},"26":{"loc":{"start":{"line":265,"column":6},"end":{"line":267,"column":null}},"type":"if","locations":[{"start":{"line":265,"column":6},"end":{"line":267,"column":null}},{"start":{},"end":{}}],"line":265},"27":{"loc":{"start":{"line":269,"column":6},"end":{"line":271,"column":null}},"type":"if","locations":[{"start":{"line":269,"column":6},"end":{"line":271,"column":null}},{"start":{},"end":{}}],"line":269},"28":{"loc":{"start":{"line":276,"column":6},"end":{"line":283,"column":null}},"type":"if","locations":[{"start":{"line":276,"column":6},"end":{"line":283,"column":null}},{"start":{},"end":{}}],"line":276},"29":{"loc":{"start":{"line":278,"column":8},"end":{"line":281,"column":null}},"type":"if","locations":[{"start":{"line":278,"column":8},"end":{"line":281,"column":null}},{"start":{},"end":{}}],"line":278},"30":{"loc":{"start":{"line":285,"column":6},"end":{"line":292,"column":null}},"type":"if","locations":[{"start":{"line":285,"column":6},"end":{"line":292,"column":null}},{"start":{},"end":{}}],"line":285},"31":{"loc":{"start":{"line":287,"column":8},"end":{"line":290,"column":null}},"type":"if","locations":[{"start":{"line":287,"column":8},"end":{"line":290,"column":null}},{"start":{},"end":{}}],"line":287},"32":{"loc":{"start":{"line":295,"column":6},"end":{"line":298,"column":null}},"type":"if","locations":[{"start":{"line":295,"column":6},"end":{"line":298,"column":null}},{"start":{},"end":{}}],"line":295},"33":{"loc":{"start":{"line":295,"column":10},"end":{"line":295,"column":78}},"type":"binary-expr","locations":[{"start":{"line":295,"column":10},"end":{"line":295,"column":53}},{"start":{"line":295,"column":53},"end":{"line":295,"column":78}}],"line":295},"34":{"loc":{"start":{"line":310,"column":6},"end":{"line":312,"column":null}},"type":"if","locations":[{"start":{"line":310,"column":6},"end":{"line":312,"column":null}},{"start":{},"end":{}}],"line":310}},"s":{"0":0,"1":0,"2":0,"3":0,"4":0,"5":0,"6":0,"7":0,"8":0,"9":0,"10":0,"11":0,"12":0,"13":0,"14":0,"15":0,"16":0,"17":0,"18":0,"19":0,"20":0,"21":0,"22":0,"23":0,"24":0,"25":0,"26":0,"27":0,"28":0,"29":0,"30":0,"31":0,"32":0,"33":0,"34":0,"35":0,"36":0,"37":0,"38":0,"39":0,"40":0,"41":0,"42":0,"43":0,"44":0,"45":0,"46":0,"47":0,"48":0,"49":0,"50":0,"51":0,"52":0,"53":0,"54":0,"55":0,"56":0,"57":0,"58":0,"59":0,"60":0,"61":0,"62":0,"63":0,"64":0,"65":0,"66":0,"67":0,"68":0,"69":0,"70":0,"71":0,"72":0,"73":0,"74":0,"75":0,"76":0,"77":0,"78":0,"79":0,"80":0,"81":0,"82":0,"83":0,"84":0,"85":0,"86":0,"87":0,"88":0,"89":0,"90":0,"91":0,"92":0,"93":0,"94":0,"95":0,"96":0,"97":0,"98":0,"99":0,"100":0,"101":0,"102":0,"103":0,"104":0,"105":0,"106":0,"107":0,"108":0,"109":0,"110":0,"111":0,"112":0,"113":0,"114":0,"115":0,"116":0,"117":0,"118":0,"119":0,"120":0,"121":0,"122":0,"123":0,"124":0,"125":0,"126":0,"127":0,"128":0},"f":{"0":0,"1":0,"2":0,"3":0,"4":0,"5":0,"6":0,"7":0,"8":0,"9":0,"10":0,"11":0},"b":{"0":[0,0],"1":[0,0],"2":[0,0],"3":[0,0],"4":[0,0],"5":[0,0],"6":[0,0],"7":[0,0],"8":[0,0],"9":[0,0],"10":[0,0],"11":[0,0],"12":[0,0],"13":[0,0],"14":[0,0],"15":[0,0],"16":[0,0],"17":[0,0],"18":[0,0],"19":[0,0],"20":[0,0],"21":[0,0],"22":[0,0],"23":[0,0],"24":[0,0],"25":[0,0],"26":[0,0],"27":[0,0],"28":[0,0],"29":[0,0],"30":[0,0],"31":[0,0],"32":[0,0],"33":[0,0],"34":[0,0]},"meta":{"lastBranch":35,"lastFunction":12,"lastStatement":129,"seen":{"s:14:15:18:Infinity":0,"s:20:14:20:Infinity":1,"f:23:9:23:27":0,"s:24:2:27:Infinity":2,"f:30:9:30:16":1,"s:31:2:33:Infinity":3,"f:31:13:31:22":2,"s:32:4:32:Infinity":4,"f:32:16:32:27":3,"s:32:38:32:53":5,"f:39:9:39:29":4,"s:40:21:40:Infinity":6,"s:41:2:41:Infinity":7,"s:48:0:103:Infinity":8,"f:53:10:53:17":5,"s:54:4:102:Infinity":9,"s:55:22:55:Infinity":10,"b:55:22:55:41:55:41:55:Infinity":0,"b:57:6:98:Infinity:75:13:98:Infinity":1,"s:57:6:98:Infinity":11,"s:59:23:62:Infinity":12,"b:64:8:74:Infinity:66:15:74:Infinity":2,"s:64:8:74:Infinity":13,"s:65:10:65:Infinity":14,"s:67:10:67:Infinity":15,"b:68:10:72:Infinity:70:17:72:Infinity":3,"s:68:10:72:Infinity":16,"s:69:12:69:Infinity":17,"s:71:12:71:Infinity":18,"f:71:19:71:27":6,"s:71:32:71:55":19,"s:73:10:73:Infinity":20,"s:77:23:77:34":21,"s:78:26:78:Infinity":22,"b:78:38:78:57:78:57:78:59":4,"b:80:8:97:Infinity:86:15:97:Infinity":5,"s:80:8:97:Infinity":23,"s:81:51:81:Infinity":24,"s:82:10:84:Infinity":25,"s:83:12:83:Infinity":26,"b:83:36:83:68:83:68:83:70":6,"s:85:10:85:Infinity":27,"s:87:10:87:Infinity":28,"s:88:10:94:Infinity":29,"s:89:27:89:Infinity":30,"b:89:39:89:71:89:71:89:73":7,"b:90:12:93:Infinity:undefined:undefined:undefined:undefined":8,"s:90:12:93:Infinity":31,"s:91:14:91:Infinity":32,"s:92:14:92:Infinity":33,"f:92:21:92:29":7,"s:92:34:92:59":34,"s:95:10:95:Infinity":35,"s:96:10:96:Infinity":36,"s:100:6:100:Infinity":37,"s:101:6:101:Infinity":38,"s:109:0:144:Infinity":39,"f:114:10:114:17":8,"s:115:4:143:Infinity":40,"b:117:6:127:Infinity:undefined:undefined:undefined:undefined":9,"s:117:6:127:Infinity":41,"s:118:8:126:Infinity":42,"s:129:25:129:Infinity":43,"b:129:43:129:55:129:55:129:Infinity":10,"s:131:6:134:Infinity":44,"s:136:20:136:Infinity":45,"b:136:38:136:50:136:50:136:Infinity":11,"s:137:6:137:Infinity":46,"s:140:23:140:Infinity":47,"s:141:6:141:Infinity":48,"s:142:6:142:Infinity":49,"s:150:0:227:Infinity":50,"f:153:10:153:17":9,"s:154:4:226:Infinity":51,"s:155:21:155:32":52,"s:156:27:156:Infinity":53,"s:158:6:158:Infinity":54,"b:158:36:158:52:158:52:158:64":12,"s:161:24:163:Infinity":55,"b:162:10:162:Infinity:163:10:163:Infinity":13,"b:163:22:163:41:163:41:163:43":14,"b:165:6:168:Infinity:undefined:undefined:undefined:undefined":15,"s:165:6:168:Infinity":56,"s:166:8:166:Infinity":57,"s:167:8:167:Infinity":58,"s:171:34:171:Infinity":59,"s:172:6:177:Infinity":60,"s:173:23:173:Infinity":61,"b:173:35:173:67:173:67:173:69":16,"s:174:8:176:Infinity":62,"s:175:10:175:Infinity":63,"s:180:27:187:Infinity":64,"s:189:6:193:Infinity":65,"b:190:8:192:Infinity:undefined:undefined:undefined:undefined":17,"s:190:8:192:Infinity":66,"s:191:10:191:Infinity":67,"s:196:17:196:Infinity":68,"s:198:6:198:Infinity":69,"s:199:6:202:Infinity":70,"f:199:16:199:25":10,"s:200:23:200:Infinity":71,"b:200:44:200:59:200:59:200:Infinity":18,"s:201:8:201:Infinity":72,"s:204:21:204:Infinity":73,"s:205:6:205:Infinity":74,"b:207:6:210:Infinity:undefined:undefined:undefined:undefined":19,"s:207:6:210:Infinity":75,"s:208:8:208:Infinity":76,"s:209:8:209:Infinity":77,"s:212:20:212:Infinity":78,"b:213:6:216:Infinity:undefined:undefined:undefined:undefined":20,"s:213:6:216:Infinity":79,"b:213:10:213:23:213:23:213:50":21,"s:214:8:214:Infinity":80,"s:215:8:215:Infinity":81,"s:218:28:218:Infinity":82,"s:220:6:220:Infinity":83,"s:221:6:221:Infinity":84,"s:224:6:224:Infinity":85,"s:225:6:225:Infinity":86,"s:233:0:318:Infinity":87,"f:239:10:239:17":11,"s:240:4:317:Infinity":88,"s:241:21:241:32":89,"s:244:20:244:Infinity":90,"b:245:6:252:Infinity:undefined:undefined:undefined:undefined":22,"s:245:6:252:Infinity":91,"s:246:8:250:Infinity":92,"s:251:8:251:Infinity":93,"s:254:36:254:Infinity":94,"b:256:6:258:Infinity:undefined:undefined:undefined:undefined":23,"s:256:6:258:Infinity":95,"s:257:8:257:Infinity":96,"b:259:6:261:Infinity:undefined:undefined:undefined:undefined":24,"s:259:6:261:Infinity":97,"s:260:8:260:Infinity":98,"b:262:6:264:Infinity:undefined:undefined:undefined:undefined":25,"s:262:6:264:Infinity":99,"s:263:8:263:Infinity":100,"b:265:6:267:Infinity:undefined:undefined:undefined:undefined":26,"s:265:6:267:Infinity":101,"s:266:8:266:Infinity":102,"b:269:6:271:Infinity:undefined:undefined:undefined:undefined":27,"s:269:6:271:Infinity":103,"s:270:8:270:Infinity":104,"s:274:53:274:Infinity":105,"b:276:6:283:Infinity:undefined:undefined:undefined:undefined":28,"s:276:6:283:Infinity":106,"s:277:28:277:Infinity":107,"b:278:8:281:Infinity:undefined:undefined:undefined:undefined":29,"s:278:8:281:Infinity":108,"s:279:10:279:Infinity":109,"s:280:10:280:Infinity":110,"s:282:8:282:Infinity":111,"b:285:6:292:Infinity:undefined:undefined:undefined:undefined":30,"s:285:6:292:Infinity":112,"s:286:28:286:Infinity":113,"b:287:8:290:Infinity:undefined:undefined:undefined:undefined":31,"s:287:8:290:Infinity":114,"s:288:10:288:Infinity":115,"s:289:10:289:Infinity":116,"s:291:8:291:Infinity":117,"b:295:6:298:Infinity:undefined:undefined:undefined:undefined":32,"s:295:6:298:Infinity":118,"b:295:10:295:53:295:53:295:78":33,"s:296:8:296:Infinity":119,"s:297:8:297:Infinity":120,"s:300:6:300:Infinity":121,"s:303:30:303:Infinity":122,"s:304:6:307:Infinity":123,"s:309:6:309:Infinity":124,"b:310:6:312:Infinity:undefined:undefined:undefined:undefined":34,"s:310:6:312:Infinity":125,"s:311:8:311:Infinity":126,"s:315:6:315:Infinity":127,"s:316:6:316:Infinity":128},"fnNames":{}}}
,"/workspace/src/commands/other.ts": {"path":"/workspace/src/commands/other.ts","statementMap":{"0":{"start":{"line":24,"column":15},"end":{"line":24,"column":null}},"1":{"start":{"line":26,"column":0},"end":{"line":44,"column":null}},"2":{"start":{"line":34,"column":4},"end":{"line":43,"column":null}},"3":{"start":{"line":35,"column":6},"end":{"line":38,"column":null}},"4":{"start":{"line":39,"column":6},"end":{"line":39,"column":null}},"5":{"start":{"line":41,"column":6},"end":{"line":41,"column":null}},"6":{"start":{"line":42,"column":6},"end":{"line":42,"column":null}},"7":{"start":{"line":46,"column":0},"end":{"line":67,"column":null}},"8":{"start":{"line":52,"column":4},"end":{"line":66,"column":null}},"9":{"start":{"line":53,"column":6},"end":{"line":53,"column":null}},"10":{"start":{"line":56,"column":21},"end":{"line":56,"column":32}},"11":{"start":{"line":57,"column":6},"end":{"line":60,"column":null}},"12":{"start":{"line":58,"column":8},"end":{"line":58,"column":null}},"13":{"start":{"line":58,"column":50},"end":{"line":58,"column":66}},"14":{"start":{"line":59,"column":8},"end":{"line":59,"column":null}},"15":{"start":{"line":62,"column":6},"end":{"line":62,"column":null}},"16":{"start":{"line":64,"column":6},"end":{"line":64,"column":null}},"17":{"start":{"line":65,"column":6},"end":{"line":65,"column":null}},"18":{"start":{"line":69,"column":0},"end":{"line":92,"column":null}},"19":{"start":{"line":73,"column":4},"end":{"line":91,"column":null}},"20":{"start":{"line":74,"column":21},"end":{"line":74,"column":32}},"21":{"start":{"line":75,"column":22},"end":{"line":75,"column":null}},"22":{"start":{"line":77,"column":6},"end":{"line":87,"column":null}},"23":{"start":{"line":78,"column":8},"end":{"line":78,"column":null}},"24":{"start":{"line":80,"column":8},"end":{"line":80,"column":null}},"25":{"start":{"line":81,"column":8},"end":{"line":85,"column":null}},"26":{"start":{"line":82,"column":10},"end":{"line":82,"column":null}},"27":{"start":{"line":84,"column":10},"end":{"line":84,"column":null}},"28":{"start":{"line":84,"column":31},"end":{"line":84,"column":54}},"29":{"start":{"line":86,"column":8},"end":{"line":86,"column":null}},"30":{"start":{"line":89,"column":6},"end":{"line":89,"column":null}},"31":{"start":{"line":90,"column":6},"end":{"line":90,"column":null}},"32":{"start":{"line":96,"column":14},"end":{"line":96,"column":null}},"33":{"start":{"line":98,"column":0},"end":{"line":144,"column":null}},"34":{"start":{"line":102,"column":4},"end":{"line":143,"column":null}},"35":{"start":{"line":103,"column":21},"end":{"line":103,"column":32}},"36":{"start":{"line":106,"column":27},"end":{"line":106,"column":null}},"37":{"start":{"line":109,"column":24},"end":{"line":109,"column":null}},"38":{"start":{"line":110,"column":34},"end":{"line":110,"column":null}},"39":{"start":{"line":111,"column":6},"end":{"line":114,"column":null}},"40":{"start":{"line":112,"column":8},"end":{"line":113,"column":null}},"41":{"start":{"line":113,"column":23},"end":{"line":113,"column":62}},"42":{"start":{"line":116,"column":21},"end":{"line":119,"column":null}},"43":{"start":{"line":121,"column":6},"end":{"line":139,"column":null}},"44":{"start":{"line":122,"column":8},"end":{"line":122,"column":null}},"45":{"start":{"line":124,"column":8},"end":{"line":124,"column":null}},"46":{"start":{"line":125,"column":8},"end":{"line":125,"column":null}},"47":{"start":{"line":126,"column":8},"end":{"line":130,"column":null}},"48":{"start":{"line":127,"column":10},"end":{"line":127,"column":null}},"49":{"start":{"line":129,"column":10},"end":{"line":129,"column":null}},"50":{"start":{"line":129,"column":36},"end":{"line":129,"column":61}},"51":{"start":{"line":132,"column":8},"end":{"line":132,"column":null}},"52":{"start":{"line":133,"column":8},"end":{"line":137,"column":null}},"53":{"start":{"line":134,"column":10},"end":{"line":134,"column":null}},"54":{"start":{"line":136,"column":10},"end":{"line":136,"column":null}},"55":{"start":{"line":136,"column":35},"end":{"line":136,"column":60}},"56":{"start":{"line":138,"column":8},"end":{"line":138,"column":null}},"57":{"start":{"line":141,"column":6},"end":{"line":141,"column":null}},"58":{"start":{"line":142,"column":6},"end":{"line":142,"column":null}},"59":{"start":{"line":146,"column":0},"end":{"line":151,"column":null}},"60":{"start":{"line":149,"column":4},"end":{"line":149,"column":null}},"61":{"start":{"line":150,"column":4},"end":{"line":150,"column":null}},"62":{"start":{"line":153,"column":0},"end":{"line":157,"column":null}},"63":{"start":{"line":156,"column":4},"end":{"line":156,"column":null}},"64":{"start":{"line":161,"column":12},"end":{"line":161,"column":null}},"65":{"start":{"line":163,"column":0},"end":{"line":198,"column":null}},"66":{"start":{"line":171,"column":4},"end":{"line":197,"column":null}},"67":{"start":{"line":172,"column":6},"end":{"line":175,"column":null}},"68":{"start":{"line":173,"column":8},"end":{"line":173,"column":null}},"69":{"start":{"line":174,"column":8},"end":{"line":174,"column":null}},"70":{"start":{"line":176,"column":6},"end":{"line":179,"column":null}},"71":{"start":{"line":177,"column":8},"end":{"line":177,"column":null}},"72":{"start":{"line":178,"column":8},"end":{"line":178,"column":null}},"73":{"start":{"line":181,"column":27},"end":{"line":186,"column":null}},"74":{"start":{"line":188,"column":6},"end":{"line":191,"column":null}},"75":{"start":{"line":193,"column":6},"end":{"line":193,"column":null}},"76":{"start":{"line":195,"column":6},"end":{"line":195,"column":null}},"77":{"start":{"line":196,"column":6},"end":{"line":196,"column":null}},"78":{"start":{"line":200,"column":0},"end":{"line":228,"column":null}},"79":{"start":{"line":204,"column":4},"end":{"line":227,"column":null}},"80":{"start":{"line":205,"column":21},"end":{"line":205,"column":32}},"81":{"start":{"line":206,"column":25},"end":{"line":206,"column":null}},"82":{"start":{"line":208,"column":6},"end":{"line":223,"column":null}},"83":{"start":{"line":209,"column":8},"end":{"line":209,"column":null}},"84":{"start":{"line":211,"column":8},"end":{"line":211,"column":null}},"85":{"start":{"line":212,"column":20},"end":{"line":212,"column":null}},"86":{"start":{"line":213,"column":8},"end":{"line":221,"column":null}},"87":{"start":{"line":214,"column":10},"end":{"line":214,"column":null}},"88":{"start":{"line":216,"column":10},"end":{"line":220,"column":null}},"89":{"start":{"line":217,"column":27},"end":{"line":217,"column":null}},"90":{"start":{"line":218,"column":27},"end":{"line":218,"column":null}},"91":{"start":{"line":219,"column":12},"end":{"line":219,"column":null}},"92":{"start":{"line":222,"column":8},"end":{"line":222,"column":null}},"93":{"start":{"line":225,"column":6},"end":{"line":225,"column":null}},"94":{"start":{"line":226,"column":6},"end":{"line":226,"column":null}},"95":{"start":{"line":230,"column":0},"end":{"line":242,"column":null}},"96":{"start":{"line":234,"column":4},"end":{"line":241,"column":null}},"97":{"start":{"line":235,"column":6},"end":{"line":235,"column":null}},"98":{"start":{"line":236,"column":6},"end":{"line":236,"column":null}},"99":{"start":{"line":237,"column":6},"end":{"line":237,"column":null}},"100":{"start":{"line":239,"column":6},"end":{"line":239,"column":null}},"101":{"start":{"line":240,"column":6},"end":{"line":240,"column":null}},"102":{"start":{"line":244,"column":0},"end":{"line":255,"column":null}},"103":{"start":{"line":248,"column":4},"end":{"line":254,"column":null}},"104":{"start":{"line":249,"column":6},"end":{"line":249,"column":null}},"105":{"start":{"line":250,"column":6},"end":{"line":250,"column":null}},"106":{"start":{"line":252,"column":6},"end":{"line":252,"column":null}},"107":{"start":{"line":253,"column":6},"end":{"line":253,"column":null}},"108":{"start":{"line":257,"column":0},"end":{"line":273,"column":null}},"109":{"start":{"line":263,"column":4},"end":{"line":272,"column":null}},"110":{"start":{"line":264,"column":6},"end":{"line":267,"column":null}},"111":{"start":{"line":268,"column":6},"end":{"line":268,"column":null}},"112":{"start":{"line":270,"column":6},"end":{"line":270,"column":null}},"113":{"start":{"line":271,"column":6},"end":{"line":271,"column":null}},"114":{"start":{"line":277,"column":16},"end":{"line":277,"column":null}},"115":{"start":{"line":279,"column":0},"end":{"line":297,"column":null}},"116":{"start":{"line":285,"column":4},"end":{"line":296,"column":null}},"117":{"start":{"line":286,"column":25},"end":{"line":286,"column":null}},"118":{"start":{"line":288,"column":6},"end":{"line":290,"column":null}},"119":{"start":{"line":292,"column":6},"end":{"line":292,"column":null}},"120":{"start":{"line":294,"column":6},"end":{"line":294,"column":null}},"121":{"start":{"line":295,"column":6},"end":{"line":295,"column":null}},"122":{"start":{"line":299,"column":0},"end":{"line":315,"column":null}},"123":{"start":{"line":303,"column":4},"end":{"line":314,"column":null}},"124":{"start":{"line":304,"column":6},"end":{"line":307,"column":null}},"125":{"start":{"line":305,"column":8},"end":{"line":305,"column":null}},"126":{"start":{"line":306,"column":8},"end":{"line":306,"column":null}},"127":{"start":{"line":309,"column":6},"end":{"line":309,"column":null}},"128":{"start":{"line":310,"column":6},"end":{"line":310,"column":null}},"129":{"start":{"line":312,"column":6},"end":{"line":312,"column":null}},"130":{"start":{"line":313,"column":6},"end":{"line":313,"column":null}},"131":{"start":{"line":317,"column":0},"end":{"line":343,"column":null}},"132":{"start":{"line":322,"column":4},"end":{"line":342,"column":null}},"133":{"start":{"line":323,"column":23},"end":{"line":323,"column":null}},"134":{"start":{"line":325,"column":6},"end":{"line":338,"column":null}},"135":{"start":{"line":326,"column":8},"end":{"line":326,"column":null}},"136":{"start":{"line":328,"column":8},"end":{"line":328,"column":null}},"137":{"start":{"line":329,"column":8},"end":{"line":336,"column":null}},"138":{"start":{"line":330,"column":10},"end":{"line":330,"column":null}},"139":{"start":{"line":332,"column":10},"end":{"line":335,"column":null}},"140":{"start":{"line":333,"column":25},"end":{"line":333,"column":null}},"141":{"start":{"line":334,"column":12},"end":{"line":334,"column":null}},"142":{"start":{"line":337,"column":8},"end":{"line":337,"column":null}},"143":{"start":{"line":340,"column":6},"end":{"line":340,"column":null}},"144":{"start":{"line":341,"column":6},"end":{"line":341,"column":null}},"145":{"start":{"line":345,"column":0},"end":{"line":351,"column":null}},"146":{"start":{"line":349,"column":4},"end":{"line":349,"column":null}},"147":{"start":{"line":350,"column":4},"end":{"line":350,"column":null}},"148":{"start":{"line":355,"column":18},"end":{"line":355,"column":null}},"149":{"start":{"line":357,"column":0},"end":{"line":374,"column":null}},"150":{"start":{"line":363,"column":4},"end":{"line":373,"column":null}},"151":{"start":{"line":364,"column":25},"end":{"line":364,"column":null}},"152":{"start":{"line":365,"column":6},"end":{"line":368,"column":null}},"153":{"start":{"line":369,"column":6},"end":{"line":369,"column":null}},"154":{"start":{"line":371,"column":6},"end":{"line":371,"column":null}},"155":{"start":{"line":372,"column":6},"end":{"line":372,"column":null}},"156":{"start":{"line":376,"column":0},"end":{"line":399,"column":null}},"157":{"start":{"line":380,"column":4},"end":{"line":398,"column":null}},"158":{"start":{"line":381,"column":21},"end":{"line":381,"column":32}},"159":{"start":{"line":382,"column":21},"end":{"line":382,"column":null}},"160":{"start":{"line":384,"column":6},"end":{"line":394,"column":null}},"161":{"start":{"line":385,"column":8},"end":{"line":385,"column":null}},"162":{"start":{"line":387,"column":8},"end":{"line":393,"column":null}},"163":{"start":{"line":388,"column":10},"end":{"line":388,"column":null}},"164":{"start":{"line":390,"column":10},"end":{"line":390,"column":null}},"165":{"start":{"line":391,"column":10},"end":{"line":391,"column":null}},"166":{"start":{"line":391,"column":37},"end":{"line":391,"column":60}},"167":{"start":{"line":392,"column":10},"end":{"line":392,"column":null}},"168":{"start":{"line":396,"column":6},"end":{"line":396,"column":null}},"169":{"start":{"line":397,"column":6},"end":{"line":397,"column":null}},"170":{"start":{"line":401,"column":0},"end":{"line":420,"column":null}},"171":{"start":{"line":405,"column":4},"end":{"line":419,"column":null}},"172":{"start":{"line":406,"column":21},"end":{"line":406,"column":32}},"173":{"start":{"line":407,"column":25},"end":{"line":407,"column":null}},"174":{"start":{"line":409,"column":6},"end":{"line":415,"column":null}},"175":{"start":{"line":410,"column":8},"end":{"line":410,"column":null}},"176":{"start":{"line":412,"column":8},"end":{"line":412,"column":null}},"177":{"start":{"line":413,"column":8},"end":{"line":413,"column":null}},"178":{"start":{"line":414,"column":8},"end":{"line":414,"column":null}},"179":{"start":{"line":417,"column":6},"end":{"line":417,"column":null}},"180":{"start":{"line":418,"column":6},"end":{"line":418,"column":null}},"181":{"start":{"line":424,"column":13},"end":{"line":424,"column":null}},"182":{"start":{"line":426,"column":0},"end":{"line":449,"column":null}},"183":{"start":{"line":431,"column":4},"end":{"line":448,"column":null}},"184":{"start":{"line":432,"column":24},"end":{"line":432,"column":null}},"185":{"start":{"line":434,"column":6},"end":{"line":444,"column":null}},"186":{"start":{"line":435,"column":8},"end":{"line":435,"column":null}},"187":{"start":{"line":437,"column":8},"end":{"line":437,"column":null}},"188":{"start":{"line":438,"column":8},"end":{"line":442,"column":null}},"189":{"start":{"line":439,"column":10},"end":{"line":439,"column":null}},"190":{"start":{"line":441,"column":10},"end":{"line":441,"column":null}},"191":{"start":{"line":441,"column":33},"end":{"line":441,"column":56}},"192":{"start":{"line":443,"column":8},"end":{"line":443,"column":null}},"193":{"start":{"line":446,"column":6},"end":{"line":446,"column":null}},"194":{"start":{"
[...]
:{"start":{"line":180,"column":17},"end":{"line":194,"column":null}},"line":180},"14":{"name":"importSession","decl":{"start":{"line":199,"column":22},"end":{"line":199,"column":null}},"loc":{"start":{"line":202,"column":17},"end":{"line":210,"column":null}},"line":202},"15":{"name":"verifyProvider","decl":{"start":{"line":215,"column":22},"end":{"line":215,"column":null}},"loc":{"start":{"line":219,"column":47},"end":{"line":256,"column":null}},"line":219},"16":{"name":"installPlugin","decl":{"start":{"line":261,"column":22},"end":{"line":261,"column":null}},"loc":{"start":{"line":266,"column":17},"end":{"line":280,"column":null}},"line":266},"17":{"name":"uninstallPlugin","decl":{"start":{"line":285,"column":22},"end":{"line":285,"column":null}},"loc":{"start":{"line":288,"column":17},"end":{"line":296,"column":null}},"line":288},"18":{"name":"authMCPServer","decl":{"start":{"line":301,"column":22},"end":{"line":301,"column":null}},"loc":{"start":{"line":304,"column":17},"end":{"line":312,"column":null}},"line":304},"19":{"name":"logoutMCPServer","decl":{"start":{"line":317,"column":22},"end":{"line":317,"column":null}},"loc":{"start":{"line":320,"column":17},"end":{"line":328,"column":null}},"line":320}},"branchMap":{"0":{"loc":{"start":{"line":23,"column":18},"end":{"line":23,"column":48}},"type":"binary-expr","locations":[{"start":{"line":23,"column":18},"end":{"line":23,"column":38}},{"start":{"line":23,"column":38},"end":{"line":23,"column":48}}],"line":23},"1":{"loc":{"start":{"line":24,"column":17},"end":{"line":24,"column":null}},"type":"binary-expr","locations":[{"start":{"line":24,"column":17},"end":{"line":24,"column":36}},{"start":{"line":24,"column":36},"end":{"line":24,"column":null}}],"line":24},"2":{"loc":{"start":{"line":26,"column":2},"end":{"line":29,"column":null}},"type":"if","locations":[{"start":{"line":26,"column":2},"end":{"line":29,"column":null}},{"start":{},"end":{}}],"line":26},"3":{"loc":{"start":{"line":31,"column":2},"end":{"line":33,"column":null}},"type":"if","locations":[{"start":{"line":31,"column":2},"end":{"line":33,"column":null}},{"start":{},"end":{}}],"line":31},"4":{"loc":{"start":{"line":36,"column":25},"end":{"line":36,"column":null}},"type":"binary-expr","locations":[{"start":{"line":36,"column":25},"end":{"line":36,"column":54}},{"start":{"line":36,"column":54},"end":{"line":36,"column":null}}],"line":36},"5":{"loc":{"start":{"line":38,"column":11},"end":{"line":38,"column":null}},"type":"binary-expr","locations":[{"start":{"line":38,"column":11},"end":{"line":38,"column":27}},{"start":{"line":38,"column":27},"end":{"line":38,"column":null}}],"line":38},"6":{"loc":{"start":{"line":39,"column":33},"end":{"line":39,"column":53}},"type":"binary-expr","locations":[{"start":{"line":39,"column":33},"end":{"line":39,"column":49}},{"start":{"line":39,"column":49},"end":{"line":39,"column":53}}],"line":39},"7":{"loc":{"start":{"line":48,"column":4},"end":{"line":56,"column":null}},"type":"if","locations":[{"start":{"line":48,"column":4},"end":{"line":56,"column":null}},{"start":{},"end":{}}],"line":48},"8":{"loc":{"start":{"line":52,"column":8},"end":{"line":54,"column":null}},"type":"if","locations":[{"start":{"line":52,"column":8},"end":{"line":54,"column":null}},{"start":{},"end":{}}],"line":52},"9":{"loc":{"start":{"line":58,"column":4},"end":{"line":66,"column":null}},"type":"if","locations":[{"start":{"line":58,"column":4},"end":{"line":66,"column":null}},{"start":{},"end":{}}],"line":58},"10":{"loc":{"start":{"line":62,"column":8},"end":{"line":64,"column":null}},"type":"if","locations":[{"start":{"line":62,"column":8},"end":{"line":64,"column":null}},{"start":{},"end":{}}],"line":62},"11":{"loc":{"start":{"line":69,"column":6},"end":{"line":78,"column":null}},"type":"if","locations":[{"start":{"line":69,"column":6},"end":{"line":78,"column":null}},{"start":{"line":76,"column":13},"end":{"line":78,"column":null}}],"line":69},"12":{"loc":{"start":{"line":85,"column":18},"end":{"line":85,"column":null}},"type":"binary-expr","locations":[{"start":{"line":85,"column":18},"end":{"line":85,"column":30}},{"start":{"line":85,"column":30},"end":{"line":85,"column":null}}],"line":85},"13":{"loc":{"start":{"line":96,"column":2},"end":{"line":98,"column":null}},"type":"if","locations":[{"start":{"line":96,"column":2},"end":{"line":98,"column":null}},{"start":{},"end":{}}],"line":96},"14":{"loc":{"start":{"line":103,"column":2},"end":{"line":105,"column":null}},"type":"if","locations":[{"start":{"line":103,"column":2},"end":{"line":105,"column":null}},{"start":{},"end":{}}],"line":103},"15":{"loc":{"start":{"line":110,"column":4},"end":{"line":116,"column":null}},"type":"if","locations":[{"start":{"line":110,"column":4},"end":{"line":116,"column":null}},{"start":{},"end":{}}],"line":110},"16":{"loc":{"start":{"line":112,"column":8},"end":{"line":112,"column":null}},"type":"if","locations":[{"start":{"line":112,"column":8},"end":{"line":112,"column":null}},{"start":{},"end":{}}],"line":112},"17":{"loc":{"start":{"line":113,"column":8},"end":{"line":113,"column":null}},"type":"if","locations":[{"start":{"line":113,"column":8},"end":{"line":113,"column":null}},{"start":{},"end":{}}],"line":113},"18":{"loc":{"start":{"line":113,"column":12},"end":{"line":113,"column":53}},"type":"binary-expr","locations":[{"start":{"line":113,"column":12},"end":{"line":113,"column":17}},{"start":{"line":113,"column":17},"end":{"line":113,"column":42}},{"start":{"line":113,"column":42},"end":{"line":113,"column":53}}],"line":113},"19":{"loc":{"start":{"line":132,"column":2},"end":{"line":136,"column":null}},"type":"if","locations":[{"start":{"line":132,"column":2},"end":{"line":136,"column":null}},{"start":{},"end":{}}],"line":132},"20":{"loc":{"start":{"line":140,"column":4},"end":{"line":146,"column":null}},"type":"if","locations":[{"start":{"line":140,"column":4},"end":{"line":146,"column":null}},{"start":{},"end":{}}],"line":140},"21":{"loc":{"start":{"line":142,"column":8},"end":{"line":142,"column":null}},"type":"if","locations":[{"start":{"line":142,"column":8},"end":{"line":142,"column":null}},{"start":{},"end":{}}],"line":142},"22":{"loc":{"start":{"line":143,"column":8},"end":{"line":143,"column":null}},"type":"if","locations":[{"start":{"line":143,"column":8},"end":{"line":143,"column":null}},{"start":{},"end":{}}],"line":143},"23":{"loc":{"start":{"line":143,"column":12},"end":{"line":143,"column":53}},"type":"binary-expr","locations":[{"start":{"line":143,"column":12},"end":{"line":143,"column":17}},{"start":{"line":143,"column":17},"end":{"line":143,"column":42}},{"start":{"line":143,"column":42},"end":{"line":143,"column":53}}],"line":143},"24":{"loc":{"start":{"line":161,"column":2},"end":{"line":163,"column":null}},"type":"if","locations":[{"start":{"line":161,"column":2},"end":{"line":163,"column":null}},{"start":{},"end":{}}],"line":161},"25":{"loc":{"start":{"line":178,"column":2},"end":{"line":178,"column":null}},"type":"default-arg","locations":[{"start":{"line":178,"column":22},"end":{"line":178,"column":null}}],"line":178},"26":{"loc":{"start":{"line":182,"column":2},"end":{"line":184,"column":null}},"type":"if","locations":[{"start":{"line":182,"column":2},"end":{"line":184,"column":null}},{"start":{},"end":{}}],"line":182},"27":{"loc":{"start":{"line":185,"column":2},"end":{"line":187,"column":null}},"type":"if","locations":[{"start":{"line":185,"column":2},"end":{"line":187,"column":null}},{"start":{},"end":{}}],"line":185},"28":{"loc":{"start":{"line":191,"column":2},"end":{"line":193,"column":null}},"type":"if","locations":[{"start":{"line":191,"column":2},"end":{"line":193,"column":null}},{"start":{},"end":{}}],"line":191},"29":{"loc":{"start":{"line":207,"column":2},"end":{"line":209,"column":null}},"type":"if","locations":[{"start":{"line":207,"column":2},"end":{"line":209,"column":null}},{"start":{},"end":{}}],"line":207},"30":{"loc":{"start":{"line":220,"column":18},"end":{"line":220,"column":48}},"type":"binary-expr","locations":[{"start":{"line":220,"column":18},"end":{"line":220,"column":38}},{"start":{"line":220,"column":38},"end":{"line":220,"column":48}}],"line":220},"31":{"loc":{"start":{"line":230,"column":2},"end":{"line":232,"column":null}},"type":"if","locations":[{"start":{"line":230,"column":2},"end":{"line":232,"column":null}},{"start":{},"end":{}}],"line":230},"32":{"loc":{"start":{"line":236,"column":2},"end":{"line":253,"column":null}},"type":"if","locations":[{"start":{"line":236,"column":2},"end":{"line":253,"column":null}},{"start":{},"end":{}}],"line":236},"33":{"loc":{"start":{"line":241,"column":4},"end":{"line":247,"column":null}},"type":"if","locations":[{"start":{"line":241,"column":4},"end":{"line":247,"column":null}},{"start":{"line":243,"column":11},"end":{"line":247,"column":null}}],"line":241},"34":{"loc":{"start":{"line":241,"column":8},"end":{"line":241,"column":97}},"type":"binary-expr","locations":[{"start":{"line":241,"column":8},"end":{"line":241,"column":34}},{"start":{"line":241,"column":34},"end":{"line":241,"column":69}},{"start":{"line":241,"column":69},"end":{"line":241,"column":97}}],"line":241},"35":{"loc":{"start":{"line":243,"column":11},"end":{"line":247,"column":null}},"type":"if","locations":[{"start":{"line":243,"column":11},"end":{"line":247,"column":null}},{"start":{"line":245,"column":11},"end":{"line":247,"column":null}}],"line":243},"36":{"loc":{"start":{"line":243,"column":15},"end":{"line":243,"column":99}},"type":"binary-expr","locations":[{"start":{"line":243,"column":15},"end":{"line":243,"column":41}},{"start":{"line":243,"column":41},"end":{"line":243,"column":73}},{"start":{"line":243,"column":73},"end":{"line":243,"column":99}}],"line":243},"37":{"loc":{"start":{"line":245,"column":11},"end":{"line":247,"column":null}},"type":"if","locations":[{"start":{"line":245,"column":11},"end":{"line":247,"column":null}},{"start":{},"end":{}}],"line":245},"38":{"loc":{"start":{"line":245,"column":15},"end":{"line":245,"column":108}},"type":"binary-expr","locations":[{"start":{"line":245,"column":15},"end":{"line":245,"column":45}},{"start":{"line":245,"column":45},"end":{"line":245,"column":80}},{"start":{"line":245,"column":80},"end":{"line":245,"column":108}}],"line":245},"39":{"loc":{"start":{"line":263,"column":2},"end":{"line":263,"column":null}},"type":"default-arg","locations":[{"start":{"line":263,"column":27},"end":{"line":263,"column":null}}],"line":263},"40":{"loc":{"start":{"line":264,"column":2},"end":{"line":264,"column":null}},"type":"default-arg","locations":[{"start":{"line":264,"column":19},"end":{"line":264,"column":null}}],"line":264},"41":{"loc":{"start":{"line":268,"column":2},"end":{"line":270,"column":null}},"type":"if","locations":[{"start":{"line":268,"column":2},"end":{"line":270,"column":null}},{"start":{},"end":{}}],"line":268},"42":{"loc":{"start":{"line":271,"column":2},"end":{"line":273,"column":null}},"type":"if","locations":[{"start":{"line":271,"column":2},"end":{"line":273,"column":null}},{"start":{},"end":{}}],"line":271},"43":{"loc":{"start":{"line":277,"column":2},"end":{"line":279,"column":null}},"type":"if","locations":[{"start":{"line":277,"column":2},"end":{"line":279,"column":null}},{"start":{},"end":{}}],"line":277},"44":{"loc":{"start":{"line":293,"column":2},"end":{"line":295,"column":null}},"type":"if","locations":[{"start":{"line":293,"column":2},"end":{"line":295,"column":null}},{"start":{},"end":{}}],"line":293},"45":{"loc":{"start":{"line":309,"column":2},"end":{"line":311,"column":null}},"type":"if","locations":[{"start":{"line":309,"column":2},"end":{"line":311,"column":null}},{"start":{},"end":{}}],"line":309},"46":{"loc":{"start":{"line":325,"column":2},"end":{"line":327,"column":null}},"type":"if","locations":[{"start":{"line":325,"column":2},"end":{"line":327,"column":null}},{"start":{},"end":{}}],"line":325}},"s":{"0":5,"1":5,"2":5,"3":1,"4":1,"5":4,"6":1,"7":4,"8":4,"9":4,"10":4,"11":4,"12":4,"13":4,"14":4,"15":2,"16":2,"17":2,"18":1,"19":4,"20":4,"21":1,"22":1,"23":1,"24":0,"25":4,"26":1,"27":1,"28":0,"29":4,"30":3,"31":0,"32":0,"33":0,"34":0,"35":0,"36":0,"37":0,"38":0,"39":0,"40":0,"41":0,"42":0,"43":0,"44":0,"45":0,"46":0,"47":0,"48":0,"49":0,"50":0,"51":0,"52":0,"53":0,"54":0,"55":0,"56":0,"57":0,"58":0,"59":0,"60":0,"61":0,"62":0,"63":0,"64":0,"65":0,"66":0,"67":0,"68":0,"69":0,"70":0,"71":0,"72":0,"73":0,"74":0,"75":0,"76":0,"77":0,"78":0,"79":0,"80":0,"81":0,"82":0,"83":0,"84":0,"85":0,"86":0,"87":0,"88":0,"89":0,"90":0,"91":0,"92":0,"93":0,"94":0,"95":0,"96":0,"97":0,"98":0,"99":0,"100":0,"101":0,"102":0,"103":0,"104":0,"105":0,"106":0,"107":0,"108":0,"109":0,"110":0,"111":0,"112":0,"113":0,"114":0,"115":0,"116":0,"117":0,"118":0,"119":0,"120":0,"121":0},"f":{"0":5,"1":4,"2":2,"3":1,"4":1,"5":3,"6":0,"7":0,"8":0,"9":0,"10":0,"11":0,"12":0,"13":0,"14":0,"15":0,"16":0,"17":0,"18":0,"19":0},"b":{"0":[5,4],"1":[5,4],"2":[1,4],"3":[1,3],"4":[4,4],"5":[4,4],"6":[4,4],"7":[4,0],"8":[1,1],"9":[4,0],"10":[0,1],"11":[1,0],"12":[3,0],"13":[0,0],"14":[0,0],"15":[0,0],"16":[0,0],"17":[0,0],"18":[0,0,0],"19":[0,0],"20":[0,0],"21":[0,0],"22":[0,0],"23":[0,0,0],"24":[0,0],"25":[0],"26":[0,0],"27":[0,0],"28":[0,0],"29":[0,0],"30":[0,0],"31":[0,0],"32":[0,0],"33":[0,0],"34":[0,0,0],"35":[0,0],"36":[0,0,0],"37":[0,0],"38":[0,0,0],"39":[0],"40":[0],"41":[0,0],"42":[0,0],"43":[0,0],"44":[0,0],"45":[0,0],"46":[0,0]},"meta":{"lastBranch":47,"lastFunction":20,"lastStatement":122,"seen":{"f:19:22:19:Infinity":0,"s:23:18:23:48":0,"b:23:18:23:38:23:38:23:48":0,"s:24:17:24:Infinity":1,"b:24:17:24:36:24:36:24:Infinity":1,"b:26:2:29:Infinity:undefined:undefined:undefined:undefined":2,"s:26:2:29:Infinity":2,"s:27:4:27:Infinity":3,"s:28:4:28:Infinity":4,"b:31:2:33:Infinity:undefined:undefined:undefined:undefined":3,"s:31:2:33:Infinity":5,"s:32:4:32:Infinity":6,"s:35:2:88:Infinity":7,"f:35:13:35:22":1,"s:36:25:36:Infinity":8,"b:36:25:36:54:36:54:36:Infinity":4,"s:37:39:41:Infinity":9,"b:38:11:38:27:38:27:38:Infinity":5,"b:39:33:39:49:39:49:39:53":6,"s:43:17:43:Infinity":10,"s:45:17:45:Infinity":11,"s:46:17:46:Infinity":12,"b:48:4:56:Infinity:undefined:undefined:undefined:undefined":7,"s:48:4:56:Infinity":13,"s:49:6:55:Infinity":14,"f:49:21:49:30":2,"s:50:22:50:Infinity":15,"s:51:8:51:Infinity":16,"b:52:8:54:Infinity:undefined:undefined:undefined:undefined":8,"s:52:8:54:Infinity":17,"s:53:10:53:Infinity":18,"b:58:4:66:Infinity:undefined:undefined:undefined:undefined":9,"s:58:4:66:Infinity":19,"s:59:6:65:Infinity":20,"f:59:21:59:30":3,"s:60:22:60:Infinity":21,"s:61:8:61:Infinity":22,"b:62:8:64:Infinity:undefined:undefined:undefined:undefined":10,"s:62:8:64:Infinity":23,"s:63:10:63:Infinity":24,"s:68:4:79:Infinity":25,"f:68:12:68:22":4,"b:69:6:78:Infinity:76:13:78:Infinity":11,"s:69:6:78:Infinity":26,"s:70:8:75:Infinity":27,"s:77:8:77:Infinity":28,"s:81:4:87:Infinity":29,"f:81:12:81:22":5,"s:82:6:86:Infinity":30,"b:85:18:85:30:85:30:85:Infinity":12,"f:94:22:94:33":6,"s:95:15:95:Infinity":31,"b:96:2:98:Infinity:undefined:undefined:undefined:undefined":13,"s:96:2:98:Infinity":32,"s:97:4:97:Infinity":33,"s:99:2:99:Infinity":34,"s:101:17:101:Infinity":35,"b:103:2:105:Infinity:undefined:undefined:undefined:undefined":14,"s:103:2:105:Infinity":36,"s:104:4:104:Infinity":37,"s:107:2:121:Infinity":38,"s:108:17:108:Infinity":39,"b:110:4:116:Infinity:undefined:undefined:undefined:undefined":15,"s:110:4:116:Infinity":40,"s:111:6:115:Infinity":41,"f:111:18:111:23":7,"b:112:8:112:Infinity:undefined:undefined:undefined:undefined":16,"s:112:8:112:Infinity":42,"s:112:35:112:Infinity":43,"b:113:8:113:Infinity:undefined:undefined:undefined:undefined":17,"s:113:8:113:Infinity":44,"b:113:12:113:17:113:17:113:42:113:42:113:53":18,"s:113:53:113:Infinity":45,"s:114:8:114:Infinity":46,"s:117:4:117:Infinity":47,"s:120:4:120:Infinity":48,"f:120:37:120:44":8,"s:120:52:120:74":49,"f:127:22:127:40":9,"s:128:15:128:Infinity":50,"s:130:17:130:Infinity":51,"b:132:2:136:Infinity:undefined:undefined:undefined:undefined":19,"s:132:2:136:Infinity":52,"s:134:4:134:Infinity":53,"s:135:4:135:Infinity":54,"s:138:2:150:Infinity":55,"s:139:17:139:Infinity":56,"b:140:4:146:Infinity:undefined:undefined:undefined:undefined":20,"s:140:4:146:Infinity":57,"s:141:6:145:Infinity":58,"f:141:18:141:23":10,"b:142:8:142:Infinity:undefined:undefined:undefined:undefined":21,"s:142:8:142:Infinity":59,"s:142:35:142:Infinity":60,"b:143:8:143:Infinity:undefined:undefined:undefined:undefined":22,"s:143:8:143:Infinity":61,"b:143:12:143:17:143:17:143:42:143:42:143:53":23,"s:143:53:143:Infinity":62,"s:144:8:144:Infinity":63,"s:147:4:147:Infinity":64,"s:149:4:149:Infinity":65,"f:149:37:149:44":11,"s:149:52:149:74":66,"f:156:22:156:35":12,"s:157:15:157:Infinity":67,"s:159:17:159:Infinity":68,"b:161:2:163:Infinity:undefined:undefined:undefined:undefined":24,"s:161:2:163:Infinity":69,"s:162:4:162:Infinity":70,"s:165:2:169:Infinity":71,"s:166:4:166:Infinity":72,"s:168:4:168:Infinity":73,"f:175:22:175:Infinity":13,"b:178:22:178:Infinity":25,"s:181:15:181:Infinity":74,"b:182:2:184:Infinity:undefined:undefined:undefined:undefined":26,"s:182:2:184:Infinity":75,"s:183:4:183:Infinity":76,"b:185:2:187:Infinity:undefined:undefined:undefined:undefined":27,"s:185:2:187:Infinity":77,"s:186:4:186:Infinity":78,"s:189:17:189:Infinity":79,"b:191:2:193:Infinity:undefined:undefined:undefined:undefined":28,"s:191:2:193:Infinity":80,"s:192:4:192:Infinity":81,"f:199:22:199:Infinity":14,"s:203:15:203:Infinity":82,"s:205:17:205:Infinity":83,"b:207:2:209:Infinity:undefined:undefined:undefined:undefined":29,"s:207:2:209:Infinity":84,"s:208:4:208:Infinity":85,"f:215:22:215:Infinity":15,"s:220:18:220:48":86,"b:220:18:220:38:220:38:220:48":30,"s:223:15:228:Infinity":87,"b:230:2:232:Infinity:undefined:undefined:undefined:undefined":31,"s:230:2:232:Infinity":88,"s:231:4:231:Infinity":89,"s:234:17:234:Infinity":90,"b:236:2:253:Infinity:undefined:undefined:undefined:undefined":32,"s:236:2:253:Infinity":91,"s:238:19:238:Infinity":92,"s:239:20:239:Infinity":93,"b:241:4:247:Infinity:243:11:247:Infinity":33,"s:241:4:247:Infinity":94,"b:241:8:241:34:241:34:241:69:241:69:241:97":34,"s:242:6:242:Infinity":95,"b:243:11:247:Infinity:245:11:247:Infinity":35,"s:243:11:247:Infinity":96,"b:243:15:243:41:243:41:243:73:243:73:243:99":36,"s:244:6:244:Infinity":97,"b:245:11:247:Infinity:undefined:undefined:undefined:undefined":37,"s:245:11:247:Infinity":98,"b:245:15:245:45:245:45:245:80:245:80:245:108":38,"s:246:6:246:Infinity":99,"s:249:4:252:Infinity":100,"s:255:2:255:Infinity":101,"f:261:22:261:Infinity":16,"b:263:27:263:Infinity":39,"b:264:19:264:Infinity":40,"s:267:15:267:Infinity":102,"b:268:2:270:Infinity:undefined:undefined:undefined:undefined":41,"s:268:2:270:Infinity":103,"s:269:4:269:Infinity":104,"b:271:2:273:Infinity:undefined:undefined:undefined:undefined":42,"s:271:2:273:Infinity":105,"s:272:4:272:Infinity":106,"s:275:17:275:Infinity":107,"b:277:2:279:Infinity:undefined:undefined:undefined:undefined":43,"s:277:2:279:Infinity":108,"s:278:4:278:Infinity":109,"f:285:22:285:Infinity":17,"s:289:15:289:Infinity":110,"s:291:17:291:Infinity":111,"b:293:2:295:Infinity:undefined:undefined:undefined:undefined":44,"s:293:2:295:Infinity":112,"s:294:4:294:Infinity":113,"f:301:22:301:Infinity":18,"s:305:15:305:Infinity":114,"s:307:17:307:Infinity":115,"b:309:2:311:Infinity:undefined:undefined:undefined:undefined":45,"s:309:2:311:Infinity":116,"s:310:4:310:Infinity":117,"f:317:22:317:Infinity":19,"s:321:15:321:Infinity":118,"s:323:17:323:Infinity":119,"b:325:2:327:Infinity:undefined:undefined:undefined:undefined":46,"s:325:2:327:Infinity":120,"s:326:4:326:Infinity":121},"fnNames":{}}}
,"/workspace/src/lib/types.ts": {"path":"/workspace/src/lib/types.ts","statementMap":{"0":{"start":{"line":171,"column":24},"end":{"line":203,"column":null}}},"fnMap":{},"branchMap":{},"s":{"0":3},"f":{},"b":{},"meta":{"lastBranch":0,"lastFunction":0,"lastStatement":1,"seen":{"s:171:24:203:Infinity":0},"fnNames":{}}}
}
